<!DOCTYPE html>
<html>
<head>
<meta http-equiv="Content-Type" content="text/html; charset=utf-8"/>
<meta http-equiv="x-ua-compatible" content="IE=edge"/>
<title>Test results - Class com.phonebook.tests.CreateAccountTests</title>
<link href="../css/base-style.css" rel="stylesheet" type="text/css"/>
<link href="../css/style.css" rel="stylesheet" type="text/css"/>
<script src="../js/report.js" type="text/javascript"></script>
</head>
<body>
<div id="content">
<h1>Class com.phonebook.tests.CreateAccountTests</h1>
<div class="breadcrumbs">
<a href="../index.html">all</a> &gt; 
<a href="../packages/com.phonebook.tests.html">com.phonebook.tests</a> &gt; CreateAccountTests</div>
<div id="summary">
<table>
<tr>
<td>
<div class="summaryGroup">
<table>
<tr>
<td>
<div class="infoBox" id="tests">
<div class="counter">1</div>
<p>tests</p>
</div>
</td>
<td>
<div class="infoBox" id="failures">
<div class="counter">0</div>
<p>failures</p>
</div>
</td>
<td>
<div class="infoBox" id="ignored">
<div class="counter">0</div>
<p>ignored</p>
</div>
</td>
<td>
<div class="infoBox" id="duration">
<div class="counter">3.380s</div>
<p>duration</p>
</div>
</td>
</tr>
</table>
</div>
</td>
<td>
<div class="infoBox success" id="successRate">
<div class="percent">100%</div>
<p>successful</p>
</div>
</td>
</tr>
</table>
</div>
<div id="tabs">
<ul class="tabLinks">
<li>
<a href="#tab0">Tests</a>
</li>
<li>
<a href="#tab1">Standard output</a>
</li>
</ul>
<div id="tab0" class="tab">
<h2>Tests</h2>
<table>
<thead>
<tr>
<th>Test</th>
<th>Duration</th>
<th>Result</th>
</tr>
</thead>
<tr>
<td class="success">createAccountNegativTest</td>
<td class="success">3.380s</td>
<td class="success">passed</td>
</tr>
</table>
</div>
<div id="tab1" class="tab">
<h2>Standard output</h2>
<span class="code">
<pre>18:41:16.267 [Test worker] INFO  com.phonebook.tests.TestBase -- Start test: createAccountNegativTest with data: []
18:41:16.281 [Test worker] INFO  com.phonebook.utils.MyListener -- Before find elements - By.cssSelector: [href='/login']
18:41:16.380 [Test worker] INFO  com.phonebook.utils.MyListener -- After find elements - By.cssSelector: [href='/login']
18:41:16.381 [Test worker] INFO  com.phonebook.utils.MyListener -- List size is 1
18:41:16.383 [Test worker] INFO  com.phonebook.utils.MyListener -- Befor find element - By.cssSelector: [href='/login']
18:41:16.448 [Test worker] INFO  com.phonebook.utils.MyListener -- After find element - By.cssSelector: [href='/login']
18:41:16.727 [Test worker] INFO  com.phonebook.utils.MyListener -- Befor find element - By.name: email
18:41:16.801 [Test worker] INFO  com.phonebook.utils.MyListener -- After find element - By.name: email
18:41:16.915 [Test worker] INFO  com.phonebook.utils.MyListener -- Befor find element - By.name: email
18:41:16.971 [Test worker] INFO  com.phonebook.utils.MyListener -- After find element - By.name: email
18:41:17.046 [Test worker] INFO  com.phonebook.utils.MyListener -- Befor find element - By.name: email
18:41:17.079 [Test worker] INFO  com.phonebook.utils.MyListener -- After find element - By.name: email
18:41:17.221 [Test worker] INFO  com.phonebook.utils.MyListener -- Befor find element - By.name: password
18:41:17.274 [Test worker] INFO  com.phonebook.utils.MyListener -- After find element - By.name: password
18:41:17.364 [Test worker] INFO  com.phonebook.utils.MyListener -- Befor find element - By.name: password
18:41:17.403 [Test worker] INFO  com.phonebook.utils.MyListener -- After find element - By.name: password
18:41:17.466 [Test worker] INFO  com.phonebook.utils.MyListener -- Befor find element - By.name: password
18:41:17.497 [Test worker] INFO  com.phonebook.utils.MyListener -- After find element - By.name: password
18:41:17.547 [Test worker] INFO  com.phonebook.utils.MyListener -- Befor find element - By.name: email
18:41:17.577 [Test worker] INFO  com.phonebook.utils.MyListener -- After find element - By.name: email
18:41:17.671 [Test worker] INFO  com.phonebook.utils.MyListener -- Befor find element - By.name: email
18:41:17.711 [Test worker] INFO  com.phonebook.utils.MyListener -- After find element - By.name: email
18:41:17.773 [Test worker] INFO  com.phonebook.utils.MyListener -- Befor find element - By.name: email
18:41:17.806 [Test worker] INFO  com.phonebook.utils.MyListener -- After find element - By.name: email
18:41:18.049 [Test worker] INFO  com.phonebook.utils.MyListener -- Befor find element - By.name: password
18:41:18.077 [Test worker] INFO  com.phonebook.utils.MyListener -- After find element - By.name: password
18:41:18.171 [Test worker] INFO  com.phonebook.utils.MyListener -- Befor find element - By.name: password
18:41:18.197 [Test worker] INFO  com.phonebook.utils.MyListener -- After find element - By.name: password
18:41:18.251 [Test worker] INFO  com.phonebook.utils.MyListener -- Befor find element - By.name: password
18:41:18.313 [Test worker] INFO  com.phonebook.utils.MyListener -- After find element - By.name: password
18:41:18.456 [Test worker] INFO  com.phonebook.utils.MyListener -- Befor find element - By.name: registration
18:41:18.489 [Test worker] INFO  com.phonebook.utils.MyListener -- After find element - By.name: registration
18:41:18.648 [Test worker] INFO  com.phonebook.utils.MyListener -- Something went wrong!!!
18:41:18.649 [Test worker] INFO  com.phonebook.utils.MyListener -- *******************************************************************
18:41:18.650 [Test worker] INFO  com.phonebook.utils.MyListener -- Method - alert
18:41:18.650 [Test worker] INFO  com.phonebook.utils.MyListener -- ****************************************************************
18:41:18.650 [Test worker] INFO  com.phonebook.utils.MyListener -- Object target - org.openqa.selenium.remote.RemoteWebDriver$RemoteTargetLocator@7b6860f9
18:41:18.651 [Test worker] INFO  com.phonebook.utils.MyListener -- ****************************************************************
18:41:18.654 [Test worker] INFO  com.phonebook.utils.MyListener -- Target exception org.openqa.selenium.NoAlertPresentException: no such alert
  (Session info: chrome=126.0.6478.57)
Build info: version: '4.21.0', revision: '79ed462ef4'
System info: os.name: 'Windows 11', os.arch: 'amd64', os.version: '10.0', java.version: '17.0.10'
Driver info: org.openqa.selenium.chrome.ChromeDriver
Command: [3e22bd17a5d7accfc33d6d806d526cb2, getAlertText {}]
Capabilities {acceptInsecureCerts: false, browserName: chrome, browserVersion: 126.0.6478.57, chrome: {chromedriverVersion: 126.0.6478.55 (7616ff175414..., userDataDir: C:\Users\Serge\AppData\Loca...}, fedcm:accounts: true, goog:chromeOptions: {debuggerAddress: localhost:64959}, networkConnectionEnabled: false, pageLoadStrategy: normal, platformName: windows, proxy: Proxy(), se:cdp: ws://localhost:64959/devtoo..., se:cdpVersion: 126.0.6478.57, setWindowRect: true, strictFileInteractability: false, timeouts: {implicit: 0, pageLoad: 300000, script: 30000}, unhandledPromptBehavior: dismiss and notify, webauthn:extension:credBlob: true, webauthn:extension:largeBlob: true, webauthn:extension:minPinLength: true, webauthn:extension:prf: true, webauthn:virtualAuthenticators: true}
Session ID: 3e22bd17a5d7accfc33d6d806d526cb2
18:41:19.179 [Test worker] INFO  com.phonebook.utils.MyListener -- Something went wrong!!!
18:41:19.180 [Test worker] INFO  com.phonebook.utils.MyListener -- *******************************************************************
18:41:19.180 [Test worker] INFO  com.phonebook.utils.MyListener -- Method - alert
18:41:19.180 [Test worker] INFO  com.phonebook.utils.MyListener -- ****************************************************************
18:41:19.180 [Test worker] INFO  com.phonebook.utils.MyListener -- Object target - org.openqa.selenium.remote.RemoteWebDriver$RemoteTargetLocator@558756be
18:41:19.181 [Test worker] INFO  com.phonebook.utils.MyListener -- ****************************************************************
18:41:19.181 [Test worker] INFO  com.phonebook.utils.MyListener -- Target exception org.openqa.selenium.NoAlertPresentException: no such alert
  (Session info: chrome=126.0.6478.57)
Build info: version: '4.21.0', revision: '79ed462ef4'
System info: os.name: 'Windows 11', os.arch: 'amd64', os.version: '10.0', java.version: '17.0.10'
Driver info: org.openqa.selenium.chrome.ChromeDriver
Command: [3e22bd17a5d7accfc33d6d806d526cb2, getAlertText {}]
Capabilities {acceptInsecureCerts: false, browserName: chrome, browserVersion: 126.0.6478.57, chrome: {chromedriverVersion: 126.0.6478.55 (7616ff175414..., userDataDir: C:\Users\Serge\AppData\Loca...}, fedcm:accounts: true, goog:chromeOptions: {debuggerAddress: localhost:64959}, networkConnectionEnabled: false, pageLoadStrategy: normal, platformName: windows, proxy: Proxy(), se:cdp: ws://localhost:64959/devtoo..., se:cdpVersion: 126.0.6478.57, setWindowRect: true, strictFileInteractability: false, timeouts: {implicit: 0, pageLoad: 300000, script: 30000}, unhandledPromptBehavior: dismiss and notify, webauthn:extension:credBlob: true, webauthn:extension:largeBlob: true, webauthn:extension:minPinLength: true, webauthn:extension:prf: true, webauthn:virtualAuthenticators: true}
Session ID: 3e22bd17a5d7accfc33d6d806d526cb2
18:41:19.727 [Test worker] INFO  com.phonebook.utils.MyListener -- Before find elements - By.xpath: //div[.='Registration failed with code 409']
18:41:19.761 [Test worker] INFO  com.phonebook.utils.MyListener -- After find elements - By.xpath: //div[.='Registration failed with code 409']
18:41:19.761 [Test worker] INFO  com.phonebook.utils.MyListener -- List size is 1
18:41:19.765 [Test worker] INFO  com.phonebook.tests.TestBase -- PASSED: createAccountNegativTest
18:41:19.765 [Test worker] INFO  com.phonebook.tests.TestBase -- Stop test
18:41:19.765 [Test worker] INFO  com.phonebook.tests.TestBase -- ================================================================
</pre>
</span>
</div>
</div>
<div id="footer">
<p>
<div>
<label class="hidden" id="label-for-line-wrapping-toggle" for="line-wrapping-toggle">Wrap lines
<input id="line-wrapping-toggle" type="checkbox" autocomplete="off"/>
</label>
</div>Generated by 
<a href="http://www.gradle.org">Gradle 8.8</a> at 21.06.2024, 18:41:42</p>
</div>
</div>
</body>
</html>
