<!DOCTYPE html>
<html>
<head>
<meta http-equiv="Content-Type" content="text/html; charset=utf-8"/>
<meta http-equiv="x-ua-compatible" content="IE=edge"/>
<title>Test results - Class com.phonebook.tests.LoginTests</title>
<link href="../css/base-style.css" rel="stylesheet" type="text/css"/>
<link href="../css/style.css" rel="stylesheet" type="text/css"/>
<script src="../js/report.js" type="text/javascript"></script>
</head>
<body>
<div id="content">
<h1>Class com.phonebook.tests.LoginTests</h1>
<div class="breadcrumbs">
<a href="../index.html">all</a> &gt; 
<a href="../packages/com.phonebook.tests.html">com.phonebook.tests</a> &gt; LoginTests</div>
<div id="summary">
<table>
<tr>
<td>
<div class="summaryGroup">
<table>
<tr>
<td>
<div class="infoBox" id="tests">
<div class="counter">1</div>
<p>tests</p>
</div>
</td>
<td>
<div class="infoBox" id="failures">
<div class="counter">1</div>
<p>failures</p>
</div>
</td>
<td>
<div class="infoBox" id="ignored">
<div class="counter">0</div>
<p>ignored</p>
</div>
</td>
<td>
<div class="infoBox" id="duration">
<div class="counter">20.861s</div>
<p>duration</p>
</div>
</td>
</tr>
</table>
</div>
</td>
<td>
<div class="infoBox failures" id="successRate">
<div class="percent">0%</div>
<p>successful</p>
</div>
</td>
</tr>
</table>
</div>
<div id="tabs">
<ul class="tabLinks">
<li>
<a href="#tab0">Failed tests</a>
</li>
<li>
<a href="#tab1">Tests</a>
</li>
<li>
<a href="#tab2">Standard output</a>
</li>
</ul>
<div id="tab0" class="tab">
<h2>Failed tests</h2>
<div class="test">
<a name="loginNegativeWithoutEmailTest"></a>
<h3 class="failures">loginNegativeWithoutEmailTest</h3>
<span class="code">
<pre>org.openqa.selenium.TimeoutException: Expected condition failed: waiting for alert to be present (tried for 20 second(s) with 500 milliseconds interval)
Build info: version: '4.21.0', revision: '79ed462ef4'
System info: os.name: 'Windows 11', os.arch: 'amd64', os.version: '10.0', java.version: '17.0.10'
Driver info: net.bytebuddy.renamed.java.lang.Object$ByteBuddy$Pvcj5kL1
Capabilities {acceptInsecureCerts: false, browserName: chrome, browserVersion: 126.0.6478.57, chrome: {chromedriverVersion: 126.0.6478.55 (7616ff175414..., userDataDir: C:\Users\Serge\AppData\Loca...}, fedcm:accounts: true, goog:chromeOptions: {debuggerAddress: localhost:64959}, networkConnectionEnabled: false, pageLoadStrategy: normal, platformName: windows, proxy: Proxy(), se:cdp: ws://localhost:64959/devtoo..., se:cdpVersion: 126.0.6478.57, setWindowRect: true, strictFileInteractability: false, timeouts: {implicit: 0, pageLoad: 300000, script: 30000}, unhandledPromptBehavior: dismiss and notify, webauthn:extension:credBlob: true, webauthn:extension:largeBlob: true, webauthn:extension:minPinLength: true, webauthn:extension:prf: true, webauthn:virtualAuthenticators: true}
Session ID: 3e22bd17a5d7accfc33d6d806d526cb2
	at app//org.openqa.selenium.support.ui.WebDriverWait.timeoutException(WebDriverWait.java:84)
	at app//org.openqa.selenium.support.ui.FluentWait.until(FluentWait.java:228)
	at app//com.phonebook.fw.BaseHelper.isAlertPresent(BaseHelper.java:37)
	at app//com.phonebook.tests.LoginTests.loginNegativeWithoutEmailTest(LoginTests.java:73)
	at java.base@17.0.10/jdk.internal.reflect.NativeMethodAccessorImpl.invoke0(Native Method)
	at java.base@17.0.10/jdk.internal.reflect.NativeMethodAccessorImpl.invoke(NativeMethodAccessorImpl.java:77)
	at java.base@17.0.10/jdk.internal.reflect.DelegatingMethodAccessorImpl.invoke(DelegatingMethodAccessorImpl.java:43)
	at java.base@17.0.10/java.lang.reflect.Method.invoke(Method.java:568)
	at app//org.testng.internal.invokers.MethodInvocationHelper.invokeMethod(MethodInvocationHelper.java:141)
	at app//org.testng.internal.invokers.TestInvoker.invokeMethod(TestInvoker.java:686)
	at app//org.testng.internal.invokers.TestInvoker.invokeTestMethod(TestInvoker.java:230)
	at app//org.testng.internal.invokers.MethodRunner.runInSequence(MethodRunner.java:63)
	at app//org.testng.internal.invokers.TestInvoker$MethodInvocationAgent.invoke(TestInvoker.java:992)
	at app//org.testng.internal.invokers.TestInvoker.invokeTestMethods(TestInvoker.java:203)
	at app//org.testng.internal.invokers.TestMethodWorker.invokeTestMethods(TestMethodWorker.java:154)
	at app//org.testng.internal.invokers.TestMethodWorker.run(TestMethodWorker.java:134)
	at java.base@17.0.10/java.util.ArrayList.forEach(ArrayList.java:1511)
	at app//org.testng.TestRunner.privateRun(TestRunner.java:739)
	at app//org.testng.TestRunner.run(TestRunner.java:614)
	at app//org.testng.SuiteRunner.runTest(SuiteRunner.java:421)
	at app//org.testng.SuiteRunner.runSequentially(SuiteRunner.java:413)
	at app//org.testng.SuiteRunner.privateRun(SuiteRunner.java:373)
	at app//org.testng.SuiteRunner.run(SuiteRunner.java:312)
	at app//org.testng.SuiteRunnerWorker.runSuite(SuiteRunnerWorker.java:52)
	at app//org.testng.SuiteRunnerWorker.run(SuiteRunnerWorker.java:95)
	at app//org.testng.TestNG.runSuitesSequentially(TestNG.java:1274)
	at app//org.testng.TestNG.runSuitesLocally(TestNG.java:1208)
	at app//org.testng.TestNG.runSuites(TestNG.java:1112)
	at app//org.testng.TestNG.run(TestNG.java:1079)
	at org.gradle.api.internal.tasks.testing.testng.TestNGTestClassProcessor.runTests(TestNGTestClassProcessor.java:153)
	at org.gradle.api.internal.tasks.testing.testng.TestNGTestClassProcessor.stop(TestNGTestClassProcessor.java:96)
	at org.gradle.api.internal.tasks.testing.SuiteTestClassProcessor.stop(SuiteTestClassProcessor.java:62)
	at java.base@17.0.10/jdk.internal.reflect.NativeMethodAccessorImpl.invoke0(Native Method)
	at java.base@17.0.10/jdk.internal.reflect.NativeMethodAccessorImpl.invoke(NativeMethodAccessorImpl.java:77)
	at java.base@17.0.10/jdk.internal.reflect.DelegatingMethodAccessorImpl.invoke(DelegatingMethodAccessorImpl.java:43)
	at java.base@17.0.10/java.lang.reflect.Method.invoke(Method.java:568)
	at org.gradle.internal.dispatch.ReflectionDispatch.dispatch(ReflectionDispatch.java:36)
	at org.gradle.internal.dispatch.ReflectionDispatch.dispatch(ReflectionDispatch.java:24)
	at org.gradle.internal.dispatch.ContextClassLoaderDispatch.dispatch(ContextClassLoaderDispatch.java:33)
	at org.gradle.internal.dispatch.ProxyDispatchAdapter$DispatchingInvocationHandler.invoke(ProxyDispatchAdapter.java:94)
	at jdk.proxy1/jdk.proxy1.$Proxy2.stop(Unknown Source)
	at org.gradle.api.internal.tasks.testing.worker.TestWorker$3.run(TestWorker.java:193)
	at org.gradle.api.internal.tasks.testing.worker.TestWorker.executeAndMaintainThreadName(TestWorker.java:129)
	at org.gradle.api.internal.tasks.testing.worker.TestWorker.execute(TestWorker.java:100)
	at org.gradle.api.internal.tasks.testing.worker.TestWorker.execute(TestWorker.java:60)
	at org.gradle.process.internal.worker.child.ActionExecutionWorker.execute(ActionExecutionWorker.java:56)
	at org.gradle.process.internal.worker.child.SystemApplicationClassLoaderWorker.call(SystemApplicationClassLoaderWorker.java:119)
	at org.gradle.process.internal.worker.child.SystemApplicationClassLoaderWorker.call(SystemApplicationClassLoaderWorker.java:66)
	at app//worker.org.gradle.process.internal.worker.GradleWorkerMain.run(GradleWorkerMain.java:69)
	at app//worker.org.gradle.process.internal.worker.GradleWorkerMain.main(GradleWorkerMain.java:74)
</pre>
</span>
</div>
</div>
<div id="tab1" class="tab">
<h2>Tests</h2>
<table>
<thead>
<tr>
<th>Test</th>
<th>Duration</th>
<th>Result</th>
</tr>
</thead>
<tr>
<td class="failures">loginNegativeWithoutEmailTest</td>
<td class="failures">20.861s</td>
<td class="failures">failed</td>
</tr>
</table>
</div>
<div id="tab2" class="tab">
<h2>Standard output</h2>
<span class="code">
<pre>18:41:19.772 [Test worker] INFO  com.phonebook.tests.TestBase -- Start test: loginNegativeWithoutEmailTest with data: []
18:41:19.774 [Test worker] INFO  com.phonebook.utils.MyListener -- Before find elements - By.cssSelector: [href='/login']
18:41:19.801 [Test worker] INFO  com.phonebook.utils.MyListener -- After find elements - By.cssSelector: [href='/login']
18:41:19.801 [Test worker] INFO  com.phonebook.utils.MyListener -- List size is 1
18:41:19.802 [Test worker] INFO  com.phonebook.utils.MyListener -- Befor find element - By.cssSelector: [href='/login']
18:41:19.827 [Test worker] INFO  com.phonebook.utils.MyListener -- After find element - By.cssSelector: [href='/login']
18:41:19.913 [Test worker] INFO  com.phonebook.utils.MyListener -- Befor find element - By.name: password
18:41:19.940 [Test worker] INFO  com.phonebook.utils.MyListener -- After find element - By.name: password
18:41:20.018 [Test worker] INFO  com.phonebook.utils.MyListener -- Befor find element - By.name: password
18:41:20.042 [Test worker] INFO  com.phonebook.utils.MyListener -- After find element - By.name: password
18:41:20.101 [Test worker] INFO  com.phonebook.utils.MyListener -- Befor find element - By.name: password
18:41:20.127 [Test worker] INFO  com.phonebook.utils.MyListener -- After find element - By.name: password
18:41:20.324 [Test worker] INFO  com.phonebook.utils.MyListener -- Befor find element - By.name: login
18:41:20.356 [Test worker] INFO  com.phonebook.utils.MyListener -- After find element - By.name: login
18:41:20.436 [Test worker] INFO  com.phonebook.utils.MyListener -- Something went wrong!!!
18:41:20.437 [Test worker] INFO  com.phonebook.utils.MyListener -- *******************************************************************
18:41:20.437 [Test worker] INFO  com.phonebook.utils.MyListener -- Method - alert
18:41:20.437 [Test worker] INFO  com.phonebook.utils.MyListener -- ****************************************************************
18:41:20.437 [Test worker] INFO  com.phonebook.utils.MyListener -- Object target - org.openqa.selenium.remote.RemoteWebDriver$RemoteTargetLocator@58ba5b30
18:41:20.437 [Test worker] INFO  com.phonebook.utils.MyListener -- ****************************************************************
18:41:20.437 [Test worker] INFO  com.phonebook.utils.MyListener -- Target exception org.openqa.selenium.NoAlertPresentException: no such alert
  (Session info: chrome=126.0.6478.57)
Build info: version: '4.21.0', revision: '79ed462ef4'
System info: os.name: 'Windows 11', os.arch: 'amd64', os.version: '10.0', java.version: '17.0.10'
Driver info: org.openqa.selenium.chrome.ChromeDriver
Command: [3e22bd17a5d7accfc33d6d806d526cb2, getAlertText {}]
Capabilities {acceptInsecureCerts: false, browserName: chrome, browserVersion: 126.0.6478.57, chrome: {chromedriverVersion: 126.0.6478.55 (7616ff175414..., userDataDir: C:\Users\Serge\AppData\Loca...}, fedcm:accounts: true, goog:chromeOptions: {debuggerAddress: localhost:64959}, networkConnectionEnabled: false, pageLoadStrategy: normal, platformName: windows, proxy: Proxy(), se:cdp: ws://localhost:64959/devtoo..., se:cdpVersion: 126.0.6478.57, setWindowRect: true, strictFileInteractability: false, timeouts: {implicit: 0, pageLoad: 300000, script: 30000}, unhandledPromptBehavior: dismiss and notify, webauthn:extension:credBlob: true, webauthn:extension:largeBlob: true, webauthn:extension:minPinLength: true, webauthn:extension:prf: true, webauthn:virtualAuthenticators: true}
Session ID: 3e22bd17a5d7accfc33d6d806d526cb2
18:41:20.966 [Test worker] INFO  com.phonebook.utils.MyListener -- Something went wrong!!!
18:41:20.966 [Test worker] INFO  com.phonebook.utils.MyListener -- *******************************************************************
18:41:20.967 [Test worker] INFO  com.phonebook.utils.MyListener -- Method - alert
18:41:20.967 [Test worker] INFO  com.phonebook.utils.MyListener -- ****************************************************************
18:41:20.967 [Test worker] INFO  com.phonebook.utils.MyListener -- Object target - org.openqa.selenium.remote.RemoteWebDriver$RemoteTargetLocator@10b1a751
18:41:20.967 [Test worker] INFO  com.phonebook.utils.MyListener -- ****************************************************************
18:41:20.967 [Test worker] INFO  com.phonebook.utils.MyListener -- Target exception org.openqa.selenium.NoAlertPresentException: no such alert
  (Session info: chrome=126.0.6478.57)
Build info: version: '4.21.0', revision: '79ed462ef4'
System info: os.name: 'Windows 11', os.arch: 'amd64', os.version: '10.0', java.version: '17.0.10'
Driver info: org.openqa.selenium.chrome.ChromeDriver
Command: [3e22bd17a5d7accfc33d6d806d526cb2, getAlertText {}]
Capabilities {acceptInsecureCerts: false, browserName: chrome, browserVersion: 126.0.6478.57, chrome: {chromedriverVersion: 126.0.6478.55 (7616ff175414..., userDataDir: C:\Users\Serge\AppData\Loca...}, fedcm:accounts: true, goog:chromeOptions: {debuggerAddress: localhost:64959}, networkConnectionEnabled: false, pageLoadStrategy: normal, platformName: windows, proxy: Proxy(), se:cdp: ws://localhost:64959/devtoo..., se:cdpVersion: 126.0.6478.57, setWindowRect: true, strictFileInteractability: false, timeouts: {implicit: 0, pageLoad: 300000, script: 30000}, unhandledPromptBehavior: dismiss and notify, webauthn:extension:credBlob: true, webauthn:extension:largeBlob: true, webauthn:extension:minPinLength: true, webauthn:extension:prf: true, webauthn:virtualAuthenticators: true}
Session ID: 3e22bd17a5d7accfc33d6d806d526cb2
18:41:21.492 [Test worker] INFO  com.phonebook.utils.MyListener -- Something went wrong!!!
18:41:21.492 [Test worker] INFO  com.phonebook.utils.MyListener -- *******************************************************************
18:41:21.492 [Test worker] INFO  com.phonebook.utils.MyListener -- Method - alert
18:41:21.492 [Test worker] INFO  com.phonebook.utils.MyListener -- ****************************************************************
18:41:21.492 [Test worker] INFO  com.phonebook.utils.MyListener -- Object target - org.openqa.selenium.remote.RemoteWebDriver$RemoteTargetLocator@2630dbc4
18:41:21.492 [Test worker] INFO  com.phonebook.utils.MyListener -- ****************************************************************
18:41:21.493 [Test worker] INFO  com.phonebook.utils.MyListener -- Target exception org.openqa.selenium.NoAlertPresentException: no such alert
  (Session info: chrome=126.0.6478.57)
Build info: version: '4.21.0', revision: '79ed462ef4'
System info: os.name: 'Windows 11', os.arch: 'amd64', os.version: '10.0', java.version: '17.0.10'
Driver info: org.openqa.selenium.chrome.ChromeDriver
Command: [3e22bd17a5d7accfc33d6d806d526cb2, getAlertText {}]
Capabilities {acceptInsecureCerts: false, browserName: chrome, browserVersion: 126.0.6478.57, chrome: {chromedriverVersion: 126.0.6478.55 (7616ff175414..., userDataDir: C:\Users\Serge\AppData\Loca...}, fedcm:accounts: true, goog:chromeOptions: {debuggerAddress: localhost:64959}, networkConnectionEnabled: false, pageLoadStrategy: normal, platformName: windows, proxy: Proxy(), se:cdp: ws://localhost:64959/devtoo..., se:cdpVersion: 126.0.6478.57, setWindowRect: true, strictFileInteractability: false, timeouts: {implicit: 0, pageLoad: 300000, script: 30000}, unhandledPromptBehavior: dismiss and notify, webauthn:extension:credBlob: true, webauthn:extension:largeBlob: true, webauthn:extension:minPinLength: true, webauthn:extension:prf: true, webauthn:virtualAuthenticators: true}
Session ID: 3e22bd17a5d7accfc33d6d806d526cb2
18:41:22.016 [Test worker] INFO  com.phonebook.utils.MyListener -- Something went wrong!!!
18:41:22.017 [Test worker] INFO  com.phonebook.utils.MyListener -- *******************************************************************
18:41:22.018 [Test worker] INFO  com.phonebook.utils.MyListener -- Method - alert
18:41:22.018 [Test worker] INFO  com.phonebook.utils.MyListener -- ****************************************************************
18:41:22.019 [Test worker] INFO  com.phonebook.utils.MyListener -- Object target - org.openqa.selenium.remote.RemoteWebDriver$RemoteTargetLocator@2938127d
18:41:22.019 [Test worker] INFO  com.phonebook.utils.MyListener -- ****************************************************************
18:41:22.020 [Test worker] INFO  com.phonebook.utils.MyListener -- Target exception org.openqa.selenium.NoAlertPresentException: no such alert
  (Session info: chrome=126.0.6478.57)
Build info: version: '4.21.0', revision: '79ed462ef4'
System info: os.name: 'Windows 11', os.arch: 'amd64', os.version: '10.0', java.version: '17.0.10'
Driver info: org.openqa.selenium.chrome.ChromeDriver
Command: [3e22bd17a5d7accfc33d6d806d526cb2, getAlertText {}]
Capabilities {acceptInsecureCerts: false, browserName: chrome, browserVersion: 126.0.6478.57, chrome: {chromedriverVersion: 126.0.6478.55 (7616ff175414..., userDataDir: C:\Users\Serge\AppData\Loca...}, fedcm:accounts: true, goog:chromeOptions: {debuggerAddress: localhost:64959}, networkConnectionEnabled: false, pageLoadStrategy: normal, platformName: windows, proxy: Proxy(), se:cdp: ws://localhost:64959/devtoo..., se:cdpVersion: 126.0.6478.57, setWindowRect: true, strictFileInteractability: false, timeouts: {implicit: 0, pageLoad: 300000, script: 30000}, unhandledPromptBehavior: dismiss and notify, webauthn:extension:credBlob: true, webauthn:extension:largeBlob: true, webauthn:extension:minPinLength: true, webauthn:extension:prf: true, webauthn:virtualAuthenticators: true}
Session ID: 3e22bd17a5d7accfc33d6d806d526cb2
18:41:22.576 [Test worker] INFO  com.phonebook.utils.MyListener -- Something went wrong!!!
18:41:22.577 [Test worker] INFO  com.phonebook.utils.MyListener -- *******************************************************************
18:41:22.577 [Test worker] INFO  com.phonebook.utils.MyListener -- Method - alert
18:41:22.578 [Test worker] INFO  com.phonebook.utils.MyListener -- ****************************************************************
18:41:22.578 [Test worker] INFO  com.phonebook.utils.MyListener -- Object target - org.openqa.selenium.remote.RemoteWebDriver$RemoteTargetLocator@6ad16c5d
18:41:22.578 [Test worker] INFO  com.phonebook.utils.MyListener -- ****************************************************************
18:41:22.579 [Test worker] INFO  com.phonebook.utils.MyListener -- Target exception org.openqa.selenium.NoAlertPresentException: no such alert
  (Session info: chrome=126.0.6478.57)
Build info: version: '4.21.0', revision: '79ed462ef4'
System info: os.name: 'Windows 11', os.arch: 'amd64', os.version: '10.0', java.version: '17.0.10'
Driver info: org.openqa.selenium.chrome.ChromeDriver
Command: [3e22bd17a5d7accfc33d6d806d526cb2, getAlertText {}]
Capabilities {acceptInsecureCerts: false, browserName: chrome, browserVersion: 126.0.6478.57, chrome: {chromedriverVersion: 126.0.6478.55 (7616ff175414..., userDataDir: C:\Users\Serge\AppData\Loca...}, fedcm:accounts: true, goog:chromeOptions: {debuggerAddress: localhost:64959}, networkConnectionEnabled: false, pageLoadStrategy: normal, platformName: windows, proxy: Proxy(), se:cdp: ws://localhost:64959/devtoo..., se:cdpVersion: 126.0.6478.57, setWindowRect: true, strictFileInteractability: false, timeouts: {implicit: 0, pageLoad: 300000, script: 30000}, unhandledPromptBehavior: dismiss and notify, webauthn:extension:credBlob: true, webauthn:extension:largeBlob: true, webauthn:extension:minPinLength: true, webauthn:extension:prf: true, webauthn:virtualAuthenticators: true}
Session ID: 3e22bd17a5d7accfc33d6d806d526cb2
18:41:23.102 [Test worker] INFO  com.phonebook.utils.MyListener -- Something went wrong!!!
18:41:23.103 [Test worker] INFO  com.phonebook.utils.MyListener -- *******************************************************************
18:41:23.103 [Test worker] INFO  com.phonebook.utils.MyListener -- Method - alert
18:41:23.103 [Test worker] INFO  com.phonebook.utils.MyListener -- ****************************************************************
18:41:23.104 [Test worker] INFO  com.phonebook.utils.MyListener -- Object target - org.openqa.selenium.remote.RemoteWebDriver$RemoteTargetLocator@48b4a043
18:41:23.104 [Test worker] INFO  com.phonebook.utils.MyListener -- ****************************************************************
18:41:23.105 [Test worker] INFO  com.phonebook.utils.MyListener -- Target exception org.openqa.selenium.NoAlertPresentException: no such alert
  (Session info: chrome=126.0.6478.57)
Build info: version: '4.21.0', revision: '79ed462ef4'
System info: os.name: 'Windows 11', os.arch: 'amd64', os.version: '10.0', java.version: '17.0.10'
Driver info: org.openqa.selenium.chrome.ChromeDriver
Command: [3e22bd17a5d7accfc33d6d806d526cb2, getAlertText {}]
Capabilities {acceptInsecureCerts: false, browserName: chrome, browserVersion: 126.0.6478.57, chrome: {chromedriverVersion: 126.0.6478.55 (7616ff175414..., userDataDir: C:\Users\Serge\AppData\Loca...}, fedcm:accounts: true, goog:chromeOptions: {debuggerAddress: localhost:64959}, networkConnectionEnabled: false, pageLoadStrategy: normal, platformName: windows, proxy: Proxy(), se:cdp: ws://localhost:64959/devtoo..., se:cdpVersion: 126.0.6478.57, setWindowRect: true, strictFileInteractability: false, timeouts: {implicit: 0, pageLoad: 300000, script: 30000}, unhandledPromptBehavior: dismiss and notify, webauthn:extension:credBlob: true, webauthn:extension:largeBlob: true, webauthn:extension:minPinLength: true, webauthn:extension:prf: true, webauthn:virtualAuthenticators: true}
Session ID: 3e22bd17a5d7accfc33d6d806d526cb2
18:41:23.632 [Test worker] INFO  com.phonebook.utils.MyListener -- Something went wrong!!!
18:41:23.632 [Test worker] INFO  com.phonebook.utils.MyListener -- *******************************************************************
18:41:23.634 [Test worker] INFO  com.phonebook.utils.MyListener -- Method - alert
18:41:23.634 [Test worker] INFO  com.phonebook.utils.MyListener -- ****************************************************************
18:41:23.634 [Test worker] INFO  com.phonebook.utils.MyListener -- Object target - org.openqa.selenium.remote.RemoteWebDriver$RemoteTargetLocator@41294371
18:41:23.634 [Test worker] INFO  com.phonebook.utils.MyListener -- ****************************************************************
18:41:23.635 [Test worker] INFO  com.phonebook.utils.MyListener -- Target exception org.openqa.selenium.NoAlertPresentException: no such alert
  (Session info: chrome=126.0.6478.57)
Build info: version: '4.21.0', revision: '79ed462ef4'
System info: os.name: 'Windows 11', os.arch: 'amd64', os.version: '10.0', java.version: '17.0.10'
Driver info: org.openqa.selenium.chrome.ChromeDriver
Command: [3e22bd17a5d7accfc33d6d806d526cb2, getAlertText {}]
Capabilities {acceptInsecureCerts: false, browserName: chrome, browserVersion: 126.0.6478.57, chrome: {chromedriverVersion: 126.0.6478.55 (7616ff175414..., userDataDir: C:\Users\Serge\AppData\Loca...}, fedcm:accounts: true, goog:chromeOptions: {debuggerAddress: localhost:64959}, networkConnectionEnabled: false, pageLoadStrategy: normal, platformName: windows, proxy: Proxy(), se:cdp: ws://localhost:64959/devtoo..., se:cdpVersion: 126.0.6478.57, setWindowRect: true, strictFileInteractability: false, timeouts: {implicit: 0, pageLoad: 300000, script: 30000}, unhandledPromptBehavior: dismiss and notify, webauthn:extension:credBlob: true, webauthn:extension:largeBlob: true, webauthn:extension:minPinLength: true, webauthn:extension:prf: true, webauthn:virtualAuthenticators: true}
Session ID: 3e22bd17a5d7accfc33d6d806d526cb2
18:41:24.171 [Test worker] INFO  com.phonebook.utils.MyListener -- Something went wrong!!!
18:41:24.172 [Test worker] INFO  com.phonebook.utils.MyListener -- *******************************************************************
18:41:24.172 [Test worker] INFO  com.phonebook.utils.MyListener -- Method - alert
18:41:24.173 [Test worker] INFO  com.phonebook.utils.MyListener -- ****************************************************************
18:41:24.173 [Test worker] INFO  com.phonebook.utils.MyListener -- Object target - org.openqa.selenium.remote.RemoteWebDriver$RemoteTargetLocator@75d4a80f
18:41:24.173 [Test worker] INFO  com.phonebook.utils.MyListener -- ****************************************************************
18:41:24.174 [Test worker] INFO  com.phonebook.utils.MyListener -- Target exception org.openqa.selenium.NoAlertPresentException: no such alert
  (Session info: chrome=126.0.6478.57)
Build info: version: '4.21.0', revision: '79ed462ef4'
System info: os.name: 'Windows 11', os.arch: 'amd64', os.version: '10.0', java.version: '17.0.10'
Driver info: org.openqa.selenium.chrome.ChromeDriver
Command: [3e22bd17a5d7accfc33d6d806d526cb2, getAlertText {}]
Capabilities {acceptInsecureCerts: false, browserName: chrome, browserVersion: 126.0.6478.57, chrome: {chromedriverVersion: 126.0.6478.55 (7616ff175414..., userDataDir: C:\Users\Serge\AppData\Loca...}, fedcm:accounts: true, goog:chromeOptions: {debuggerAddress: localhost:64959}, networkConnectionEnabled: false, pageLoadStrategy: normal, platformName: windows, proxy: Proxy(), se:cdp: ws://localhost:64959/devtoo..., se:cdpVersion: 126.0.6478.57, setWindowRect: true, strictFileInteractability: false, timeouts: {implicit: 0, pageLoad: 300000, script: 30000}, unhandledPromptBehavior: dismiss and notify, webauthn:extension:credBlob: true, webauthn:extension:largeBlob: true, webauthn:extension:minPinLength: true, webauthn:extension:prf: true, webauthn:virtualAuthenticators: true}
Session ID: 3e22bd17a5d7accfc33d6d806d526cb2
18:41:24.701 [Test worker] INFO  com.phonebook.utils.MyListener -- Something went wrong!!!
18:41:24.702 [Test worker] INFO  com.phonebook.utils.MyListener -- *******************************************************************
18:41:24.702 [Test worker] INFO  com.phonebook.utils.MyListener -- Method - alert
18:41:24.702 [Test worker] INFO  com.phonebook.utils.MyListener -- ****************************************************************
18:41:24.702 [Test worker] INFO  com.phonebook.utils.MyListener -- Object target - org.openqa.selenium.remote.RemoteWebDriver$RemoteTargetLocator@2370ac7a
18:41:24.702 [Test worker] INFO  com.phonebook.utils.MyListener -- ****************************************************************
18:41:24.702 [Test worker] INFO  com.phonebook.utils.MyListener -- Target exception org.openqa.selenium.NoAlertPresentException: no such alert
  (Session info: chrome=126.0.6478.57)
Build info: version: '4.21.0', revision: '79ed462ef4'
System info: os.name: 'Windows 11', os.arch: 'amd64', os.version: '10.0', java.version: '17.0.10'
Driver info: org.openqa.selenium.chrome.ChromeDriver
Command: [3e22bd17a5d7accfc33d6d806d526cb2, getAlertText {}]
Capabilities {acceptInsecureCerts: false, browserName: chrome, browserVersion: 126.0.6478.57, chrome: {chromedriverVersion: 126.0.6478.55 (7616ff175414..., userDataDir: C:\Users\Serge\AppData\Loca...}, fedcm:accounts: true, goog:chromeOptions: {debuggerAddress: localhost:64959}, networkConnectionEnabled: false, pageLoadStrategy: normal, platformName: windows, proxy: Proxy(), se:cdp: ws://localhost:64959/devtoo..., se:cdpVersion: 126.0.6478.57, setWindowRect: true, strictFileInteractability: false, timeouts: {implicit: 0, pageLoad: 300000, script: 30000}, unhandledPromptBehavior: dismiss and notify, webauthn:extension:credBlob: true, webauthn:extension:largeBlob: true, webauthn:extension:minPinLength: true, webauthn:extension:prf: true, webauthn:virtualAuthenticators: true}
Session ID: 3e22bd17a5d7accfc33d6d806d526cb2
18:41:25.223 [Test worker] INFO  com.phonebook.utils.MyListener -- Something went wrong!!!
18:41:25.224 [Test worker] INFO  com.phonebook.utils.MyListener -- *******************************************************************
18:41:25.224 [Test worker] INFO  com.phonebook.utils.MyListener -- Method - alert
18:41:25.224 [Test worker] INFO  com.phonebook.utils.MyListener -- ****************************************************************
18:41:25.224 [Test worker] INFO  com.phonebook.utils.MyListener -- Object target - org.openqa.selenium.remote.RemoteWebDriver$RemoteTargetLocator@58fef7f7
18:41:25.224 [Test worker] INFO  com.phonebook.utils.MyListener -- ****************************************************************
18:41:25.224 [Test worker] INFO  com.phonebook.utils.MyListener -- Target exception org.openqa.selenium.NoAlertPresentException: no such alert
  (Session info: chrome=126.0.6478.57)
Build info: version: '4.21.0', revision: '79ed462ef4'
System info: os.name: 'Windows 11', os.arch: 'amd64', os.version: '10.0', java.version: '17.0.10'
Driver info: org.openqa.selenium.chrome.ChromeDriver
Command: [3e22bd17a5d7accfc33d6d806d526cb2, getAlertText {}]
Capabilities {acceptInsecureCerts: false, browserName: chrome, browserVersion: 126.0.6478.57, chrome: {chromedriverVersion: 126.0.6478.55 (7616ff175414..., userDataDir: C:\Users\Serge\AppData\Loca...}, fedcm:accounts: true, goog:chromeOptions: {debuggerAddress: localhost:64959}, networkConnectionEnabled: false, pageLoadStrategy: normal, platformName: windows, proxy: Proxy(), se:cdp: ws://localhost:64959/devtoo..., se:cdpVersion: 126.0.6478.57, setWindowRect: true, strictFileInteractability: false, timeouts: {implicit: 0, pageLoad: 300000, script: 30000}, unhandledPromptBehavior: dismiss and notify, webauthn:extension:credBlob: true, webauthn:extension:largeBlob: true, webauthn:extension:minPinLength: true, webauthn:extension:prf: true, webauthn:virtualAuthenticators: true}
Session ID: 3e22bd17a5d7accfc33d6d806d526cb2
18:41:25.736 [Test worker] INFO  com.phonebook.utils.MyListener -- Something went wrong!!!
18:41:25.736 [Test worker] INFO  com.phonebook.utils.MyListener -- *******************************************************************
18:41:25.736 [Test worker] INFO  com.phonebook.utils.MyListener -- Method - alert
18:41:25.736 [Test worker] INFO  com.phonebook.utils.MyListener -- ****************************************************************
18:41:25.736 [Test worker] INFO  com.phonebook.utils.MyListener -- Object target - org.openqa.selenium.remote.RemoteWebDriver$RemoteTargetLocator@4f9a6c2d
18:41:25.736 [Test worker] INFO  com.phonebook.utils.MyListener -- ****************************************************************
18:41:25.737 [Test worker] INFO  com.phonebook.utils.MyListener -- Target exception org.openqa.selenium.NoAlertPresentException: no such alert
  (Session info: chrome=126.0.6478.57)
Build info: version: '4.21.0', revision: '79ed462ef4'
System info: os.name: 'Windows 11', os.arch: 'amd64', os.version: '10.0', java.version: '17.0.10'
Driver info: org.openqa.selenium.chrome.ChromeDriver
Command: [3e22bd17a5d7accfc33d6d806d526cb2, getAlertText {}]
Capabilities {acceptInsecureCerts: false, browserName: chrome, browserVersion: 126.0.6478.57, chrome: {chromedriverVersion: 126.0.6478.55 (7616ff175414..., userDataDir: C:\Users\Serge\AppData\Loca...}, fedcm:accounts: true, goog:chromeOptions: {debuggerAddress: localhost:64959}, networkConnectionEnabled: false, pageLoadStrategy: normal, platformName: windows, proxy: Proxy(), se:cdp: ws://localhost:64959/devtoo..., se:cdpVersion: 126.0.6478.57, setWindowRect: true, strictFileInteractability: false, timeouts: {implicit: 0, pageLoad: 300000, script: 30000}, unhandledPromptBehavior: dismiss and notify, webauthn:extension:credBlob: true, webauthn:extension:largeBlob: true, webauthn:extension:minPinLength: true, webauthn:extension:prf: true, webauthn:virtualAuthenticators: true}
Session ID: 3e22bd17a5d7accfc33d6d806d526cb2
18:41:26.247 [Test worker] INFO  com.phonebook.utils.MyListener -- Something went wrong!!!
18:41:26.248 [Test worker] INFO  com.phonebook.utils.MyListener -- *******************************************************************
18:41:26.248 [Test worker] INFO  com.phonebook.utils.MyListener -- Method - alert
18:41:26.248 [Test worker] INFO  com.phonebook.utils.MyListener -- ****************************************************************
18:41:26.248 [Test worker] INFO  com.phonebook.utils.MyListener -- Object target - org.openqa.selenium.remote.RemoteWebDriver$RemoteTargetLocator@26586b74
18:41:26.249 [Test worker] INFO  com.phonebook.utils.MyListener -- ****************************************************************
18:41:26.249 [Test worker] INFO  com.phonebook.utils.MyListener -- Target exception org.openqa.selenium.NoAlertPresentException: no such alert
  (Session info: chrome=126.0.6478.57)
Build info: version: '4.21.0', revision: '79ed462ef4'
System info: os.name: 'Windows 11', os.arch: 'amd64', os.version: '10.0', java.version: '17.0.10'
Driver info: org.openqa.selenium.chrome.ChromeDriver
Command: [3e22bd17a5d7accfc33d6d806d526cb2, getAlertText {}]
Capabilities {acceptInsecureCerts: false, browserName: chrome, browserVersion: 126.0.6478.57, chrome: {chromedriverVersion: 126.0.6478.55 (7616ff175414..., userDataDir: C:\Users\Serge\AppData\Loca...}, fedcm:accounts: true, goog:chromeOptions: {debuggerAddress: localhost:64959}, networkConnectionEnabled: false, pageLoadStrategy: normal, platformName: windows, proxy: Proxy(), se:cdp: ws://localhost:64959/devtoo..., se:cdpVersion: 126.0.6478.57, setWindowRect: true, strictFileInteractability: false, timeouts: {implicit: 0, pageLoad: 300000, script: 30000}, unhandledPromptBehavior: dismiss and notify, webauthn:extension:credBlob: true, webauthn:extension:largeBlob: true, webauthn:extension:minPinLength: true, webauthn:extension:prf: true, webauthn:virtualAuthenticators: true}
Session ID: 3e22bd17a5d7accfc33d6d806d526cb2
18:41:26.765 [Test worker] INFO  com.phonebook.utils.MyListener -- Something went wrong!!!
18:41:26.766 [Test worker] INFO  com.phonebook.utils.MyListener -- *******************************************************************
18:41:26.766 [Test worker] INFO  com.phonebook.utils.MyListener -- Method - alert
18:41:26.766 [Test worker] INFO  com.phonebook.utils.MyListener -- ****************************************************************
18:41:26.766 [Test worker] INFO  com.phonebook.utils.MyListener -- Object target - org.openqa.selenium.remote.RemoteWebDriver$RemoteTargetLocator@3aa41da1
18:41:26.766 [Test worker] INFO  com.phonebook.utils.MyListener -- ****************************************************************
18:41:26.766 [Test worker] INFO  com.phonebook.utils.MyListener -- Target exception org.openqa.selenium.NoAlertPresentException: no such alert
  (Session info: chrome=126.0.6478.57)
Build info: version: '4.21.0', revision: '79ed462ef4'
System info: os.name: 'Windows 11', os.arch: 'amd64', os.version: '10.0', java.version: '17.0.10'
Driver info: org.openqa.selenium.chrome.ChromeDriver
Command: [3e22bd17a5d7accfc33d6d806d526cb2, getAlertText {}]
Capabilities {acceptInsecureCerts: false, browserName: chrome, browserVersion: 126.0.6478.57, chrome: {chromedriverVersion: 126.0.6478.55 (7616ff175414..., userDataDir: C:\Users\Serge\AppData\Loca...}, fedcm:accounts: true, goog:chromeOptions: {debuggerAddress: localhost:64959}, networkConnectionEnabled: false, pageLoadStrategy: normal, platformName: windows, proxy: Proxy(), se:cdp: ws://localhost:64959/devtoo..., se:cdpVersion: 126.0.6478.57, setWindowRect: true, strictFileInteractability: false, timeouts: {implicit: 0, pageLoad: 300000, script: 30000}, unhandledPromptBehavior: dismiss and notify, webauthn:extension:credBlob: true, webauthn:extension:largeBlob: true, webauthn:extension:minPinLength: true, webauthn:extension:prf: true, webauthn:virtualAuthenticators: true}
Session ID: 3e22bd17a5d7accfc33d6d806d526cb2
18:41:27.291 [Test worker] INFO  com.phonebook.utils.MyListener -- Something went wrong!!!
18:41:27.291 [Test worker] INFO  com.phonebook.utils.MyListener -- *******************************************************************
18:41:27.291 [Test worker] INFO  com.phonebook.utils.MyListener -- Method - alert
18:41:27.291 [Test worker] INFO  com.phonebook.utils.MyListener -- ****************************************************************
18:41:27.292 [Test worker] INFO  com.phonebook.utils.MyListener -- Object target - org.openqa.selenium.remote.RemoteWebDriver$RemoteTargetLocator@7a583586
18:41:27.292 [Test worker] INFO  com.phonebook.utils.MyListener -- ****************************************************************
18:41:27.292 [Test worker] INFO  com.phonebook.utils.MyListener -- Target exception org.openqa.selenium.NoAlertPresentException: no such alert
  (Session info: chrome=126.0.6478.57)
Build info: version: '4.21.0', revision: '79ed462ef4'
System info: os.name: 'Windows 11', os.arch: 'amd64', os.version: '10.0', java.version: '17.0.10'
Driver info: org.openqa.selenium.chrome.ChromeDriver
Command: [3e22bd17a5d7accfc33d6d806d526cb2, getAlertText {}]
Capabilities {acceptInsecureCerts: false, browserName: chrome, browserVersion: 126.0.6478.57, chrome: {chromedriverVersion: 126.0.6478.55 (7616ff175414..., userDataDir: C:\Users\Serge\AppData\Loca...}, fedcm:accounts: true, goog:chromeOptions: {debuggerAddress: localhost:64959}, networkConnectionEnabled: false, pageLoadStrategy: normal, platformName: windows, proxy: Proxy(), se:cdp: ws://localhost:64959/devtoo..., se:cdpVersion: 126.0.6478.57, setWindowRect: true, strictFileInteractability: false, timeouts: {implicit: 0, pageLoad: 300000, script: 30000}, unhandledPromptBehavior: dismiss and notify, webauthn:extension:credBlob: true, webauthn:extension:largeBlob: true, webauthn:extension:minPinLength: true, webauthn:extension:prf: true, webauthn:virtualAuthenticators: true}
Session ID: 3e22bd17a5d7accfc33d6d806d526cb2
18:41:27.801 [Test worker] INFO  com.phonebook.utils.MyListener -- Something went wrong!!!
18:41:27.802 [Test worker] INFO  com.phonebook.utils.MyListener -- *******************************************************************
18:41:27.802 [Test worker] INFO  com.phonebook.utils.MyListener -- Method - alert
18:41:27.802 [Test worker] INFO  com.phonebook.utils.MyListener -- ****************************************************************
18:41:27.802 [Test worker] INFO  com.phonebook.utils.MyListener -- Object target - org.openqa.selenium.remote.RemoteWebDriver$RemoteTargetLocator@268cbb86
18:41:27.802 [Test worker] INFO  com.phonebook.utils.MyListener -- ****************************************************************
18:41:27.802 [Test worker] INFO  com.phonebook.utils.MyListener -- Target exception org.openqa.selenium.NoAlertPresentException: no such alert
  (Session info: chrome=126.0.6478.57)
Build info: version: '4.21.0', revision: '79ed462ef4'
System info: os.name: 'Windows 11', os.arch: 'amd64', os.version: '10.0', java.version: '17.0.10'
Driver info: org.openqa.selenium.chrome.ChromeDriver
Command: [3e22bd17a5d7accfc33d6d806d526cb2, getAlertText {}]
Capabilities {acceptInsecureCerts: false, browserName: chrome, browserVersion: 126.0.6478.57, chrome: {chromedriverVersion: 126.0.6478.55 (7616ff175414..., userDataDir: C:\Users\Serge\AppData\Loca...}, fedcm:accounts: true, goog:chromeOptions: {debuggerAddress: localhost:64959}, networkConnectionEnabled: false, pageLoadStrategy: normal, platformName: windows, proxy: Proxy(), se:cdp: ws://localhost:64959/devtoo..., se:cdpVersion: 126.0.6478.57, setWindowRect: true, strictFileInteractability: false, timeouts: {implicit: 0, pageLoad: 300000, script: 30000}, unhandledPromptBehavior: dismiss and notify, webauthn:extension:credBlob: true, webauthn:extension:largeBlob: true, webauthn:extension:minPinLength: true, webauthn:extension:prf: true, webauthn:virtualAuthenticators: true}
Session ID: 3e22bd17a5d7accfc33d6d806d526cb2
18:41:28.313 [Test worker] INFO  com.phonebook.utils.MyListener -- Something went wrong!!!
18:41:28.314 [Test worker] INFO  com.phonebook.utils.MyListener -- *******************************************************************
18:41:28.314 [Test worker] INFO  com.phonebook.utils.MyListener -- Method - alert
18:41:28.314 [Test worker] INFO  com.phonebook.utils.MyListener -- ****************************************************************
18:41:28.314 [Test worker] INFO  com.phonebook.utils.MyListener -- Object target - org.openqa.selenium.remote.RemoteWebDriver$RemoteTargetLocator@3ba46e63
18:41:28.314 [Test worker] INFO  com.phonebook.utils.MyListener -- ****************************************************************
18:41:28.314 [Test worker] INFO  com.phonebook.utils.MyListener -- Target exception org.openqa.selenium.NoAlertPresentException: no such alert
  (Session info: chrome=126.0.6478.57)
Build info: version: '4.21.0', revision: '79ed462ef4'
System info: os.name: 'Windows 11', os.arch: 'amd64', os.version: '10.0', java.version: '17.0.10'
Driver info: org.openqa.selenium.chrome.ChromeDriver
Command: [3e22bd17a5d7accfc33d6d806d526cb2, getAlertText {}]
Capabilities {acceptInsecureCerts: false, browserName: chrome, browserVersion: 126.0.6478.57, chrome: {chromedriverVersion: 126.0.6478.55 (7616ff175414..., userDataDir: C:\Users\Serge\AppData\Loca...}, fedcm:accounts: true, goog:chromeOptions: {debuggerAddress: localhost:64959}, networkConnectionEnabled: false, pageLoadStrategy: normal, platformName: windows, proxy: Proxy(), se:cdp: ws://localhost:64959/devtoo..., se:cdpVersion: 126.0.6478.57, setWindowRect: true, strictFileInteractability: false, timeouts: {implicit: 0, pageLoad: 300000, script: 30000}, unhandledPromptBehavior: dismiss and notify, webauthn:extension:credBlob: true, webauthn:extension:largeBlob: true, webauthn:extension:minPinLength: true, webauthn:extension:prf: true, webauthn:virtualAuthenticators: true}
Session ID: 3e22bd17a5d7accfc33d6d806d526cb2
18:41:28.827 [Test worker] INFO  com.phonebook.utils.MyListener -- Something went wrong!!!
18:41:28.828 [Test worker] INFO  com.phonebook.utils.MyListener -- *******************************************************************
18:41:28.829 [Test worker] INFO  com.phonebook.utils.MyListener -- Method - alert
18:41:28.829 [Test worker] INFO  com.phonebook.utils.MyListener -- ****************************************************************
18:41:28.829 [Test worker] INFO  com.phonebook.utils.MyListener -- Object target - org.openqa.selenium.remote.RemoteWebDriver$RemoteTargetLocator@2bfb6b49
18:41:28.829 [Test worker] INFO  com.phonebook.utils.MyListener -- ****************************************************************
18:41:28.830 [Test worker] INFO  com.phonebook.utils.MyListener -- Target exception org.openqa.selenium.NoAlertPresentException: no such alert
  (Session info: chrome=126.0.6478.57)
Build info: version: '4.21.0', revision: '79ed462ef4'
System info: os.name: 'Windows 11', os.arch: 'amd64', os.version: '10.0', java.version: '17.0.10'
Driver info: org.openqa.selenium.chrome.ChromeDriver
Command: [3e22bd17a5d7accfc33d6d806d526cb2, getAlertText {}]
Capabilities {acceptInsecureCerts: false, browserName: chrome, browserVersion: 126.0.6478.57, chrome: {chromedriverVersion: 126.0.6478.55 (7616ff175414..., userDataDir: C:\Users\Serge\AppData\Loca...}, fedcm:accounts: true, goog:chromeOptions: {debuggerAddress: localhost:64959}, networkConnectionEnabled: false, pageLoadStrategy: normal, platformName: windows, proxy: Proxy(), se:cdp: ws://localhost:64959/devtoo..., se:cdpVersion: 126.0.6478.57, setWindowRect: true, strictFileInteractability: false, timeouts: {implicit: 0, pageLoad: 300000, script: 30000}, unhandledPromptBehavior: dismiss and notify, webauthn:extension:credBlob: true, webauthn:extension:largeBlob: true, webauthn:extension:minPinLength: true, webauthn:extension:prf: true, webauthn:virtualAuthenticators: true}
Session ID: 3e22bd17a5d7accfc33d6d806d526cb2
18:41:29.355 [Test worker] INFO  com.phonebook.utils.MyListener -- Something went wrong!!!
18:41:29.355 [Test worker] INFO  com.phonebook.utils.MyListener -- *******************************************************************
18:41:29.355 [Test worker] INFO  com.phonebook.utils.MyListener -- Method - alert
18:41:29.355 [Test worker] INFO  com.phonebook.utils.MyListener -- ****************************************************************
18:41:29.355 [Test worker] INFO  com.phonebook.utils.MyListener -- Object target - org.openqa.selenium.remote.RemoteWebDriver$RemoteTargetLocator@363c4251
18:41:29.355 [Test worker] INFO  com.phonebook.utils.MyListener -- ****************************************************************
18:41:29.356 [Test worker] INFO  com.phonebook.utils.MyListener -- Target exception org.openqa.selenium.NoAlertPresentException: no such alert
  (Session info: chrome=126.0.6478.57)
Build info: version: '4.21.0', revision: '79ed462ef4'
System info: os.name: 'Windows 11', os.arch: 'amd64', os.version: '10.0', java.version: '17.0.10'
Driver info: org.openqa.selenium.chrome.ChromeDriver
Command: [3e22bd17a5d7accfc33d6d806d526cb2, getAlertText {}]
Capabilities {acceptInsecureCerts: false, browserName: chrome, browserVersion: 126.0.6478.57, chrome: {chromedriverVersion: 126.0.6478.55 (7616ff175414..., userDataDir: C:\Users\Serge\AppData\Loca...}, fedcm:accounts: true, goog:chromeOptions: {debuggerAddress: localhost:64959}, networkConnectionEnabled: false, pageLoadStrategy: normal, platformName: windows, proxy: Proxy(), se:cdp: ws://localhost:64959/devtoo..., se:cdpVersion: 126.0.6478.57, setWindowRect: true, strictFileInteractability: false, timeouts: {implicit: 0, pageLoad: 300000, script: 30000}, unhandledPromptBehavior: dismiss and notify, webauthn:extension:credBlob: true, webauthn:extension:largeBlob: true, webauthn:extension:minPinLength: true, webauthn:extension:prf: true, webauthn:virtualAuthenticators: true}
Session ID: 3e22bd17a5d7accfc33d6d806d526cb2
18:41:29.866 [Test worker] INFO  com.phonebook.utils.MyListener -- Something went wrong!!!
18:41:29.866 [Test worker] INFO  com.phonebook.utils.MyListener -- *******************************************************************
18:41:29.866 [Test worker] INFO  com.phonebook.utils.MyListener -- Method - alert
18:41:29.866 [Test worker] INFO  com.phonebook.utils.MyListener -- ****************************************************************
18:41:29.866 [Test worker] INFO  com.phonebook.utils.MyListener -- Object target - org.openqa.selenium.remote.RemoteWebDriver$RemoteTargetLocator@4acb7ecc
18:41:29.866 [Test worker] INFO  com.phonebook.utils.MyListener -- ****************************************************************
18:41:29.866 [Test worker] INFO  com.phonebook.utils.MyListener -- Target exception org.openqa.selenium.NoAlertPresentException: no such alert
  (Session info: chrome=126.0.6478.57)
Build info: version: '4.21.0', revision: '79ed462ef4'
System info: os.name: 'Windows 11', os.arch: 'amd64', os.version: '10.0', java.version: '17.0.10'
Driver info: org.openqa.selenium.chrome.ChromeDriver
Command: [3e22bd17a5d7accfc33d6d806d526cb2, getAlertText {}]
Capabilities {acceptInsecureCerts: false, browserName: chrome, browserVersion: 126.0.6478.57, chrome: {chromedriverVersion: 126.0.6478.55 (7616ff175414..., userDataDir: C:\Users\Serge\AppData\Loca...}, fedcm:accounts: true, goog:chromeOptions: {debuggerAddress: localhost:64959}, networkConnectionEnabled: false, pageLoadStrategy: normal, platformName: windows, proxy: Proxy(), se:cdp: ws://localhost:64959/devtoo..., se:cdpVersion: 126.0.6478.57, setWindowRect: true, strictFileInteractability: false, timeouts: {implicit: 0, pageLoad: 300000, script: 30000}, unhandledPromptBehavior: dismiss and notify, webauthn:extension:credBlob: true, webauthn:extension:largeBlob: true, webauthn:extension:minPinLength: true, webauthn:extension:prf: true, webauthn:virtualAuthenticators: true}
Session ID: 3e22bd17a5d7accfc33d6d806d526cb2
18:41:30.376 [Test worker] INFO  com.phonebook.utils.MyListener -- Something went wrong!!!
18:41:30.376 [Test worker] INFO  com.phonebook.utils.MyListener -- *******************************************************************
18:41:30.376 [Test worker] INFO  com.phonebook.utils.MyListener -- Method - alert
18:41:30.376 [Test worker] INFO  com.phonebook.utils.MyListener -- ****************************************************************
18:41:30.376 [Test worker] INFO  com.phonebook.utils.MyListener -- Object target - org.openqa.selenium.remote.RemoteWebDriver$RemoteTargetLocator@68868328
18:41:30.376 [Test worker] INFO  com.phonebook.utils.MyListener -- ****************************************************************
18:41:30.376 [Test worker] INFO  com.phonebook.utils.MyListener -- Target exception org.openqa.selenium.NoAlertPresentException: no such alert
  (Session info: chrome=126.0.6478.57)
Build info: version: '4.21.0', revision: '79ed462ef4'
System info: os.name: 'Windows 11', os.arch: 'amd64', os.version: '10.0', java.version: '17.0.10'
Driver info: org.openqa.selenium.chrome.ChromeDriver
Command: [3e22bd17a5d7accfc33d6d806d526cb2, getAlertText {}]
Capabilities {acceptInsecureCerts: false, browserName: chrome, browserVersion: 126.0.6478.57, chrome: {chromedriverVersion: 126.0.6478.55 (7616ff175414..., userDataDir: C:\Users\Serge\AppData\Loca...}, fedcm:accounts: true, goog:chromeOptions: {debuggerAddress: localhost:64959}, networkConnectionEnabled: false, pageLoadStrategy: normal, platformName: windows, proxy: Proxy(), se:cdp: ws://localhost:64959/devtoo..., se:cdpVersion: 126.0.6478.57, setWindowRect: true, strictFileInteractability: false, timeouts: {implicit: 0, pageLoad: 300000, script: 30000}, unhandledPromptBehavior: dismiss and notify, webauthn:extension:credBlob: true, webauthn:extension:largeBlob: true, webauthn:extension:minPinLength: true, webauthn:extension:prf: true, webauthn:virtualAuthenticators: true}
Session ID: 3e22bd17a5d7accfc33d6d806d526cb2
18:41:30.884 [Test worker] INFO  com.phonebook.utils.MyListener -- Something went wrong!!!
18:41:30.884 [Test worker] INFO  com.phonebook.utils.MyListener -- *******************************************************************
18:41:30.884 [Test worker] INFO  com.phonebook.utils.MyListener -- Method - alert
18:41:30.884 [Test worker] INFO  com.phonebook.utils.MyListener -- ****************************************************************
18:41:30.885 [Test worker] INFO  com.phonebook.utils.MyListener -- Object target - org.openqa.selenium.remote.RemoteWebDriver$RemoteTargetLocator@7f5538a1
18:41:30.885 [Test worker] INFO  com.phonebook.utils.MyListener -- ****************************************************************
18:41:30.885 [Test worker] INFO  com.phonebook.utils.MyListener -- Target exception org.openqa.selenium.NoAlertPresentException: no such alert
  (Session info: chrome=126.0.6478.57)
Build info: version: '4.21.0', revision: '79ed462ef4'
System info: os.name: 'Windows 11', os.arch: 'amd64', os.version: '10.0', java.version: '17.0.10'
Driver info: org.openqa.selenium.chrome.ChromeDriver
Command: [3e22bd17a5d7accfc33d6d806d526cb2, getAlertText {}]
Capabilities {acceptInsecureCerts: false, browserName: chrome, browserVersion: 126.0.6478.57, chrome: {chromedriverVersion: 126.0.6478.55 (7616ff175414..., userDataDir: C:\Users\Serge\AppData\Loca...}, fedcm:accounts: true, goog:chromeOptions: {debuggerAddress: localhost:64959}, networkConnectionEnabled: false, pageLoadStrategy: normal, platformName: windows, proxy: Proxy(), se:cdp: ws://localhost:64959/devtoo..., se:cdpVersion: 126.0.6478.57, setWindowRect: true, strictFileInteractability: false, timeouts: {implicit: 0, pageLoad: 300000, script: 30000}, unhandledPromptBehavior: dismiss and notify, webauthn:extension:credBlob: true, webauthn:extension:largeBlob: true, webauthn:extension:minPinLength: true, webauthn:extension:prf: true, webauthn:virtualAuthenticators: true}
Session ID: 3e22bd17a5d7accfc33d6d806d526cb2
18:41:31.402 [Test worker] INFO  com.phonebook.utils.MyListener -- Something went wrong!!!
18:41:31.402 [Test worker] INFO  com.phonebook.utils.MyListener -- *******************************************************************
18:41:31.402 [Test worker] INFO  com.phonebook.utils.MyListener -- Method - alert
18:41:31.402 [Test worker] INFO  com.phonebook.utils.MyListener -- ****************************************************************
18:41:31.403 [Test worker] INFO  com.phonebook.utils.MyListener -- Object target - org.openqa.selenium.remote.RemoteWebDriver$RemoteTargetLocator@7c8c70d6
18:41:31.403 [Test worker] INFO  com.phonebook.utils.MyListener -- ****************************************************************
18:41:31.403 [Test worker] INFO  com.phonebook.utils.MyListener -- Target exception org.openqa.selenium.NoAlertPresentException: no such alert
  (Session info: chrome=126.0.6478.57)
Build info: version: '4.21.0', revision: '79ed462ef4'
System info: os.name: 'Windows 11', os.arch: 'amd64', os.version: '10.0', java.version: '17.0.10'
Driver info: org.openqa.selenium.chrome.ChromeDriver
Command: [3e22bd17a5d7accfc33d6d806d526cb2, getAlertText {}]
Capabilities {acceptInsecureCerts: false, browserName: chrome, browserVersion: 126.0.6478.57, chrome: {chromedriverVersion: 126.0.6478.55 (7616ff175414..., userDataDir: C:\Users\Serge\AppData\Loca...}, fedcm:accounts: true, goog:chromeOptions: {debuggerAddress: localhost:64959}, networkConnectionEnabled: false, pageLoadStrategy: normal, platformName: windows, proxy: Proxy(), se:cdp: ws://localhost:64959/devtoo..., se:cdpVersion: 126.0.6478.57, setWindowRect: true, strictFileInteractability: false, timeouts: {implicit: 0, pageLoad: 300000, script: 30000}, unhandledPromptBehavior: dismiss and notify, webauthn:extension:credBlob: true, webauthn:extension:largeBlob: true, webauthn:extension:minPinLength: true, webauthn:extension:prf: true, webauthn:virtualAuthenticators: true}
Session ID: 3e22bd17a5d7accfc33d6d806d526cb2
18:41:31.923 [Test worker] INFO  com.phonebook.utils.MyListener -- Something went wrong!!!
18:41:31.924 [Test worker] INFO  com.phonebook.utils.MyListener -- *******************************************************************
18:41:31.924 [Test worker] INFO  com.phonebook.utils.MyListener -- Method - alert
18:41:31.924 [Test worker] INFO  com.phonebook.utils.MyListener -- ****************************************************************
18:41:31.924 [Test worker] INFO  com.phonebook.utils.MyListener -- Object target - org.openqa.selenium.remote.RemoteWebDriver$RemoteTargetLocator@53311681
18:41:31.924 [Test worker] INFO  com.phonebook.utils.MyListener -- ****************************************************************
18:41:31.924 [Test worker] INFO  com.phonebook.utils.MyListener -- Target exception org.openqa.selenium.NoAlertPresentException: no such alert
  (Session info: chrome=126.0.6478.57)
Build info: version: '4.21.0', revision: '79ed462ef4'
System info: os.name: 'Windows 11', os.arch: 'amd64', os.version: '10.0', java.version: '17.0.10'
Driver info: org.openqa.selenium.chrome.ChromeDriver
Command: [3e22bd17a5d7accfc33d6d806d526cb2, getAlertText {}]
Capabilities {acceptInsecureCerts: false, browserName: chrome, browserVersion: 126.0.6478.57, chrome: {chromedriverVersion: 126.0.6478.55 (7616ff175414..., userDataDir: C:\Users\Serge\AppData\Loca...}, fedcm:accounts: true, goog:chromeOptions: {debuggerAddress: localhost:64959}, networkConnectionEnabled: false, pageLoadStrategy: normal, platformName: windows, proxy: Proxy(), se:cdp: ws://localhost:64959/devtoo..., se:cdpVersion: 126.0.6478.57, setWindowRect: true, strictFileInteractability: false, timeouts: {implicit: 0, pageLoad: 300000, script: 30000}, unhandledPromptBehavior: dismiss and notify, webauthn:extension:credBlob: true, webauthn:extension:largeBlob: true, webauthn:extension:minPinLength: true, webauthn:extension:prf: true, webauthn:virtualAuthenticators: true}
Session ID: 3e22bd17a5d7accfc33d6d806d526cb2
18:41:32.435 [Test worker] INFO  com.phonebook.utils.MyListener -- Something went wrong!!!
18:41:32.435 [Test worker] INFO  com.phonebook.utils.MyListener -- *******************************************************************
18:41:32.435 [Test worker] INFO  com.phonebook.utils.MyListener -- Method - alert
18:41:32.435 [Test worker] INFO  com.phonebook.utils.MyListener -- ****************************************************************
18:41:32.435 [Test worker] INFO  com.phonebook.utils.MyListener -- Object target - org.openqa.selenium.remote.RemoteWebDriver$RemoteTargetLocator@574a89e2
18:41:32.435 [Test worker] INFO  com.phonebook.utils.MyListener -- ****************************************************************
18:41:32.436 [Test worker] INFO  com.phonebook.utils.MyListener -- Target exception org.openqa.selenium.NoAlertPresentException: no such alert
  (Session info: chrome=126.0.6478.57)
Build info: version: '4.21.0', revision: '79ed462ef4'
System info: os.name: 'Windows 11', os.arch: 'amd64', os.version: '10.0', java.version: '17.0.10'
Driver info: org.openqa.selenium.chrome.ChromeDriver
Command: [3e22bd17a5d7accfc33d6d806d526cb2, getAlertText {}]
Capabilities {acceptInsecureCerts: false, browserName: chrome, browserVersion: 126.0.6478.57, chrome: {chromedriverVersion: 126.0.6478.55 (7616ff175414..., userDataDir: C:\Users\Serge\AppData\Loca...}, fedcm:accounts: true, goog:chromeOptions: {debuggerAddress: localhost:64959}, networkConnectionEnabled: false, pageLoadStrategy: normal, platformName: windows, proxy: Proxy(), se:cdp: ws://localhost:64959/devtoo..., se:cdpVersion: 126.0.6478.57, setWindowRect: true, strictFileInteractability: false, timeouts: {implicit: 0, pageLoad: 300000, script: 30000}, unhandledPromptBehavior: dismiss and notify, webauthn:extension:credBlob: true, webauthn:extension:largeBlob: true, webauthn:extension:minPinLength: true, webauthn:extension:prf: true, webauthn:virtualAuthenticators: true}
Session ID: 3e22bd17a5d7accfc33d6d806d526cb2
18:41:32.947 [Test worker] INFO  com.phonebook.utils.MyListener -- Something went wrong!!!
18:41:32.947 [Test worker] INFO  com.phonebook.utils.MyListener -- *******************************************************************
18:41:32.947 [Test worker] INFO  com.phonebook.utils.MyListener -- Method - alert
18:41:32.947 [Test worker] INFO  com.phonebook.utils.MyListener -- ****************************************************************
18:41:32.948 [Test worker] INFO  com.phonebook.utils.MyListener -- Object target - org.openqa.selenium.remote.RemoteWebDriver$RemoteTargetLocator@58434b19
18:41:32.948 [Test worker] INFO  com.phonebook.utils.MyListener -- ****************************************************************
18:41:32.948 [Test worker] INFO  com.phonebook.utils.MyListener -- Target exception org.openqa.selenium.NoAlertPresentException: no such alert
  (Session info: chrome=126.0.6478.57)
Build info: version: '4.21.0', revision: '79ed462ef4'
System info: os.name: 'Windows 11', os.arch: 'amd64', os.version: '10.0', java.version: '17.0.10'
Driver info: org.openqa.selenium.chrome.ChromeDriver
Command: [3e22bd17a5d7accfc33d6d806d526cb2, getAlertText {}]
Capabilities {acceptInsecureCerts: false, browserName: chrome, browserVersion: 126.0.6478.57, chrome: {chromedriverVersion: 126.0.6478.55 (7616ff175414..., userDataDir: C:\Users\Serge\AppData\Loca...}, fedcm:accounts: true, goog:chromeOptions: {debuggerAddress: localhost:64959}, networkConnectionEnabled: false, pageLoadStrategy: normal, platformName: windows, proxy: Proxy(), se:cdp: ws://localhost:64959/devtoo..., se:cdpVersion: 126.0.6478.57, setWindowRect: true, strictFileInteractability: false, timeouts: {implicit: 0, pageLoad: 300000, script: 30000}, unhandledPromptBehavior: dismiss and notify, webauthn:extension:credBlob: true, webauthn:extension:largeBlob: true, webauthn:extension:minPinLength: true, webauthn:extension:prf: true, webauthn:virtualAuthenticators: true}
Session ID: 3e22bd17a5d7accfc33d6d806d526cb2
18:41:33.467 [Test worker] INFO  com.phonebook.utils.MyListener -- Something went wrong!!!
18:41:33.467 [Test worker] INFO  com.phonebook.utils.MyListener -- *******************************************************************
18:41:33.468 [Test worker] INFO  com.phonebook.utils.MyListener -- Method - alert
18:41:33.468 [Test worker] INFO  com.phonebook.utils.MyListener -- ****************************************************************
18:41:33.468 [Test worker] INFO  com.phonebook.utils.MyListener -- Object target - org.openqa.selenium.remote.RemoteWebDriver$RemoteTargetLocator@8bd86c8
18:41:33.468 [Test worker] INFO  com.phonebook.utils.MyListener -- ****************************************************************
18:41:33.468 [Test worker] INFO  com.phonebook.utils.MyListener -- Target exception org.openqa.selenium.NoAlertPresentException: no such alert
  (Session info: chrome=126.0.6478.57)
Build info: version: '4.21.0', revision: '79ed462ef4'
System info: os.name: 'Windows 11', os.arch: 'amd64', os.version: '10.0', java.version: '17.0.10'
Driver info: org.openqa.selenium.chrome.ChromeDriver
Command: [3e22bd17a5d7accfc33d6d806d526cb2, getAlertText {}]
Capabilities {acceptInsecureCerts: false, browserName: chrome, browserVersion: 126.0.6478.57, chrome: {chromedriverVersion: 126.0.6478.55 (7616ff175414..., userDataDir: C:\Users\Serge\AppData\Loca...}, fedcm:accounts: true, goog:chromeOptions: {debuggerAddress: localhost:64959}, networkConnectionEnabled: false, pageLoadStrategy: normal, platformName: windows, proxy: Proxy(), se:cdp: ws://localhost:64959/devtoo..., se:cdpVersion: 126.0.6478.57, setWindowRect: true, strictFileInteractability: false, timeouts: {implicit: 0, pageLoad: 300000, script: 30000}, unhandledPromptBehavior: dismiss and notify, webauthn:extension:credBlob: true, webauthn:extension:largeBlob: true, webauthn:extension:minPinLength: true, webauthn:extension:prf: true, webauthn:virtualAuthenticators: true}
Session ID: 3e22bd17a5d7accfc33d6d806d526cb2
18:41:33.975 [Test worker] INFO  com.phonebook.utils.MyListener -- Something went wrong!!!
18:41:33.976 [Test worker] INFO  com.phonebook.utils.MyListener -- *******************************************************************
18:41:33.976 [Test worker] INFO  com.phonebook.utils.MyListener -- Method - alert
18:41:33.976 [Test worker] INFO  com.phonebook.utils.MyListener -- ****************************************************************
18:41:33.976 [Test worker] INFO  com.phonebook.utils.MyListener -- Object target - org.openqa.selenium.remote.RemoteWebDriver$RemoteTargetLocator@3e3315d9
18:41:33.976 [Test worker] INFO  com.phonebook.utils.MyListener -- ****************************************************************
18:41:33.976 [Test worker] INFO  com.phonebook.utils.MyListener -- Target exception org.openqa.selenium.NoAlertPresentException: no such alert
  (Session info: chrome=126.0.6478.57)
Build info: version: '4.21.0', revision: '79ed462ef4'
System info: os.name: 'Windows 11', os.arch: 'amd64', os.version: '10.0', java.version: '17.0.10'
Driver info: org.openqa.selenium.chrome.ChromeDriver
Command: [3e22bd17a5d7accfc33d6d806d526cb2, getAlertText {}]
Capabilities {acceptInsecureCerts: false, browserName: chrome, browserVersion: 126.0.6478.57, chrome: {chromedriverVersion: 126.0.6478.55 (7616ff175414..., userDataDir: C:\Users\Serge\AppData\Loca...}, fedcm:accounts: true, goog:chromeOptions: {debuggerAddress: localhost:64959}, networkConnectionEnabled: false, pageLoadStrategy: normal, platformName: windows, proxy: Proxy(), se:cdp: ws://localhost:64959/devtoo..., se:cdpVersion: 126.0.6478.57, setWindowRect: true, strictFileInteractability: false, timeouts: {implicit: 0, pageLoad: 300000, script: 30000}, unhandledPromptBehavior: dismiss and notify, webauthn:extension:credBlob: true, webauthn:extension:largeBlob: true, webauthn:extension:minPinLength: true, webauthn:extension:prf: true, webauthn:virtualAuthenticators: true}
Session ID: 3e22bd17a5d7accfc33d6d806d526cb2
18:41:34.493 [Test worker] INFO  com.phonebook.utils.MyListener -- Something went wrong!!!
18:41:34.494 [Test worker] INFO  com.phonebook.utils.MyListener -- *******************************************************************
18:41:34.494 [Test worker] INFO  com.phonebook.utils.MyListener -- Method - alert
18:41:34.494 [Test worker] INFO  com.phonebook.utils.MyListener -- ****************************************************************
18:41:34.494 [Test worker] INFO  com.phonebook.utils.MyListener -- Object target - org.openqa.selenium.remote.RemoteWebDriver$RemoteTargetLocator@625dfff3
18:41:34.495 [Test worker] INFO  com.phonebook.utils.MyListener -- ****************************************************************
18:41:34.495 [Test worker] INFO  com.phonebook.utils.MyListener -- Target exception org.openqa.selenium.NoAlertPresentException: no such alert
  (Session info: chrome=126.0.6478.57)
Build info: version: '4.21.0', revision: '79ed462ef4'
System info: os.name: 'Windows 11', os.arch: 'amd64', os.version: '10.0', java.version: '17.0.10'
Driver info: org.openqa.selenium.chrome.ChromeDriver
Command: [3e22bd17a5d7accfc33d6d806d526cb2, getAlertText {}]
Capabilities {acceptInsecureCerts: false, browserName: chrome, browserVersion: 126.0.6478.57, chrome: {chromedriverVersion: 126.0.6478.55 (7616ff175414..., userDataDir: C:\Users\Serge\AppData\Loca...}, fedcm:accounts: true, goog:chromeOptions: {debuggerAddress: localhost:64959}, networkConnectionEnabled: false, pageLoadStrategy: normal, platformName: windows, proxy: Proxy(), se:cdp: ws://localhost:64959/devtoo..., se:cdpVersion: 126.0.6478.57, setWindowRect: true, strictFileInteractability: false, timeouts: {implicit: 0, pageLoad: 300000, script: 30000}, unhandledPromptBehavior: dismiss and notify, webauthn:extension:credBlob: true, webauthn:extension:largeBlob: true, webauthn:extension:minPinLength: true, webauthn:extension:prf: true, webauthn:virtualAuthenticators: true}
Session ID: 3e22bd17a5d7accfc33d6d806d526cb2
18:41:35.019 [Test worker] INFO  com.phonebook.utils.MyListener -- Something went wrong!!!
18:41:35.019 [Test worker] INFO  com.phonebook.utils.MyListener -- *******************************************************************
18:41:35.019 [Test worker] INFO  com.phonebook.utils.MyListener -- Method - alert
18:41:35.019 [Test worker] INFO  com.phonebook.utils.MyListener -- ****************************************************************
18:41:35.019 [Test worker] INFO  com.phonebook.utils.MyListener -- Object target - org.openqa.selenium.remote.RemoteWebDriver$RemoteTargetLocator@59696551
18:41:35.019 [Test worker] INFO  com.phonebook.utils.MyListener -- ****************************************************************
18:41:35.019 [Test worker] INFO  com.phonebook.utils.MyListener -- Target exception org.openqa.selenium.NoAlertPresentException: no such alert
  (Session info: chrome=126.0.6478.57)
Build info: version: '4.21.0', revision: '79ed462ef4'
System info: os.name: 'Windows 11', os.arch: 'amd64', os.version: '10.0', java.version: '17.0.10'
Driver info: org.openqa.selenium.chrome.ChromeDriver
Command: [3e22bd17a5d7accfc33d6d806d526cb2, getAlertText {}]
Capabilities {acceptInsecureCerts: false, browserName: chrome, browserVersion: 126.0.6478.57, chrome: {chromedriverVersion: 126.0.6478.55 (7616ff175414..., userDataDir: C:\Users\Serge\AppData\Loca...}, fedcm:accounts: true, goog:chromeOptions: {debuggerAddress: localhost:64959}, networkConnectionEnabled: false, pageLoadStrategy: normal, platformName: windows, proxy: Proxy(), se:cdp: ws://localhost:64959/devtoo..., se:cdpVersion: 126.0.6478.57, setWindowRect: true, strictFileInteractability: false, timeouts: {implicit: 0, pageLoad: 300000, script: 30000}, unhandledPromptBehavior: dismiss and notify, webauthn:extension:credBlob: true, webauthn:extension:largeBlob: true, webauthn:extension:minPinLength: true, webauthn:extension:prf: true, webauthn:virtualAuthenticators: true}
Session ID: 3e22bd17a5d7accfc33d6d806d526cb2
18:41:35.531 [Test worker] INFO  com.phonebook.utils.MyListener -- Something went wrong!!!
18:41:35.531 [Test worker] INFO  com.phonebook.utils.MyListener -- *******************************************************************
18:41:35.531 [Test worker] INFO  com.phonebook.utils.MyListener -- Method - alert
18:41:35.531 [Test worker] INFO  com.phonebook.utils.MyListener -- ****************************************************************
18:41:35.531 [Test worker] INFO  com.phonebook.utils.MyListener -- Object target - org.openqa.selenium.remote.RemoteWebDriver$RemoteTargetLocator@984169e
18:41:35.531 [Test worker] INFO  com.phonebook.utils.MyListener -- ****************************************************************
18:41:35.531 [Test worker] INFO  com.phonebook.utils.MyListener -- Target exception org.openqa.selenium.NoAlertPresentException: no such alert
  (Session info: chrome=126.0.6478.57)
Build info: version: '4.21.0', revision: '79ed462ef4'
System info: os.name: 'Windows 11', os.arch: 'amd64', os.version: '10.0', java.version: '17.0.10'
Driver info: org.openqa.selenium.chrome.ChromeDriver
Command: [3e22bd17a5d7accfc33d6d806d526cb2, getAlertText {}]
Capabilities {acceptInsecureCerts: false, browserName: chrome, browserVersion: 126.0.6478.57, chrome: {chromedriverVersion: 126.0.6478.55 (7616ff175414..., userDataDir: C:\Users\Serge\AppData\Loca...}, fedcm:accounts: true, goog:chromeOptions: {debuggerAddress: localhost:64959}, networkConnectionEnabled: false, pageLoadStrategy: normal, platformName: windows, proxy: Proxy(), se:cdp: ws://localhost:64959/devtoo..., se:cdpVersion: 126.0.6478.57, setWindowRect: true, strictFileInteractability: false, timeouts: {implicit: 0, pageLoad: 300000, script: 30000}, unhandledPromptBehavior: dismiss and notify, webauthn:extension:credBlob: true, webauthn:extension:largeBlob: true, webauthn:extension:minPinLength: true, webauthn:extension:prf: true, webauthn:virtualAuthenticators: true}
Session ID: 3e22bd17a5d7accfc33d6d806d526cb2
18:41:36.040 [Test worker] INFO  com.phonebook.utils.MyListener -- Something went wrong!!!
18:41:36.040 [Test worker] INFO  com.phonebook.utils.MyListener -- *******************************************************************
18:41:36.040 [Test worker] INFO  com.phonebook.utils.MyListener -- Method - alert
18:41:36.040 [Test worker] INFO  com.phonebook.utils.MyListener -- ****************************************************************
18:41:36.040 [Test worker] INFO  com.phonebook.utils.MyListener -- Object target - org.openqa.selenium.remote.RemoteWebDriver$RemoteTargetLocator@3b27b497
18:41:36.040 [Test worker] INFO  com.phonebook.utils.MyListener -- ****************************************************************
18:41:36.040 [Test worker] INFO  com.phonebook.utils.MyListener -- Target exception org.openqa.selenium.NoAlertPresentException: no such alert
  (Session info: chrome=126.0.6478.57)
Build info: version: '4.21.0', revision: '79ed462ef4'
System info: os.name: 'Windows 11', os.arch: 'amd64', os.version: '10.0', java.version: '17.0.10'
Driver info: org.openqa.selenium.chrome.ChromeDriver
Command: [3e22bd17a5d7accfc33d6d806d526cb2, getAlertText {}]
Capabilities {acceptInsecureCerts: false, browserName: chrome, browserVersion: 126.0.6478.57, chrome: {chromedriverVersion: 126.0.6478.55 (7616ff175414..., userDataDir: C:\Users\Serge\AppData\Loca...}, fedcm:accounts: true, goog:chromeOptions: {debuggerAddress: localhost:64959}, networkConnectionEnabled: false, pageLoadStrategy: normal, platformName: windows, proxy: Proxy(), se:cdp: ws://localhost:64959/devtoo..., se:cdpVersion: 126.0.6478.57, setWindowRect: true, strictFileInteractability: false, timeouts: {implicit: 0, pageLoad: 300000, script: 30000}, unhandledPromptBehavior: dismiss and notify, webauthn:extension:credBlob: true, webauthn:extension:largeBlob: true, webauthn:extension:minPinLength: true, webauthn:extension:prf: true, webauthn:virtualAuthenticators: true}
Session ID: 3e22bd17a5d7accfc33d6d806d526cb2
18:41:36.555 [Test worker] INFO  com.phonebook.utils.MyListener -- Something went wrong!!!
18:41:36.556 [Test worker] INFO  com.phonebook.utils.MyListener -- *******************************************************************
18:41:36.556 [Test worker] INFO  com.phonebook.utils.MyListener -- Method - alert
18:41:36.556 [Test worker] INFO  com.phonebook.utils.MyListener -- ****************************************************************
18:41:36.556 [Test worker] INFO  com.phonebook.utils.MyListener -- Object target - org.openqa.selenium.remote.RemoteWebDriver$RemoteTargetLocator@489091bd
18:41:36.556 [Test worker] INFO  com.phonebook.utils.MyListener -- ****************************************************************
18:41:36.556 [Test worker] INFO  com.phonebook.utils.MyListener -- Target exception org.openqa.selenium.NoAlertPresentException: no such alert
  (Session info: chrome=126.0.6478.57)
Build info: version: '4.21.0', revision: '79ed462ef4'
System info: os.name: 'Windows 11', os.arch: 'amd64', os.version: '10.0', java.version: '17.0.10'
Driver info: org.openqa.selenium.chrome.ChromeDriver
Command: [3e22bd17a5d7accfc33d6d806d526cb2, getAlertText {}]
Capabilities {acceptInsecureCerts: false, browserName: chrome, browserVersion: 126.0.6478.57, chrome: {chromedriverVersion: 126.0.6478.55 (7616ff175414..., userDataDir: C:\Users\Serge\AppData\Loca...}, fedcm:accounts: true, goog:chromeOptions: {debuggerAddress: localhost:64959}, networkConnectionEnabled: false, pageLoadStrategy: normal, platformName: windows, proxy: Proxy(), se:cdp: ws://localhost:64959/devtoo..., se:cdpVersion: 126.0.6478.57, setWindowRect: true, strictFileInteractability: false, timeouts: {implicit: 0, pageLoad: 300000, script: 30000}, unhandledPromptBehavior: dismiss and notify, webauthn:extension:credBlob: true, webauthn:extension:largeBlob: true, webauthn:extension:minPinLength: true, webauthn:extension:prf: true, webauthn:virtualAuthenticators: true}
Session ID: 3e22bd17a5d7accfc33d6d806d526cb2
18:41:37.063 [Test worker] INFO  com.phonebook.utils.MyListener -- Something went wrong!!!
18:41:37.063 [Test worker] INFO  com.phonebook.utils.MyListener -- *******************************************************************
18:41:37.063 [Test worker] INFO  com.phonebook.utils.MyListener -- Method - alert
18:41:37.063 [Test worker] INFO  com.phonebook.utils.MyListener -- ****************************************************************
18:41:37.063 [Test worker] INFO  com.phonebook.utils.MyListener -- Object target - org.openqa.selenium.remote.RemoteWebDriver$RemoteTargetLocator@d277579
18:41:37.063 [Test worker] INFO  com.phonebook.utils.MyListener -- ****************************************************************
18:41:37.064 [Test worker] INFO  com.phonebook.utils.MyListener -- Target exception org.openqa.selenium.NoAlertPresentException: no such alert
  (Session info: chrome=126.0.6478.57)
Build info: version: '4.21.0', revision: '79ed462ef4'
System info: os.name: 'Windows 11', os.arch: 'amd64', os.version: '10.0', java.version: '17.0.10'
Driver info: org.openqa.selenium.chrome.ChromeDriver
Command: [3e22bd17a5d7accfc33d6d806d526cb2, getAlertText {}]
Capabilities {acceptInsecureCerts: false, browserName: chrome, browserVersion: 126.0.6478.57, chrome: {chromedriverVersion: 126.0.6478.55 (7616ff175414..., userDataDir: C:\Users\Serge\AppData\Loca...}, fedcm:accounts: true, goog:chromeOptions: {debuggerAddress: localhost:64959}, networkConnectionEnabled: false, pageLoadStrategy: normal, platformName: windows, proxy: Proxy(), se:cdp: ws://localhost:64959/devtoo..., se:cdpVersion: 126.0.6478.57, setWindowRect: true, strictFileInteractability: false, timeouts: {implicit: 0, pageLoad: 300000, script: 30000}, unhandledPromptBehavior: dismiss and notify, webauthn:extension:credBlob: true, webauthn:extension:largeBlob: true, webauthn:extension:minPinLength: true, webauthn:extension:prf: true, webauthn:virtualAuthenticators: true}
Session ID: 3e22bd17a5d7accfc33d6d806d526cb2
18:41:37.577 [Test worker] INFO  com.phonebook.utils.MyListener -- Something went wrong!!!
18:41:37.577 [Test worker] INFO  com.phonebook.utils.MyListener -- *******************************************************************
18:41:37.577 [Test worker] INFO  com.phonebook.utils.MyListener -- Method - alert
18:41:37.577 [Test worker] INFO  com.phonebook.utils.MyListener -- ****************************************************************
18:41:37.577 [Test worker] INFO  com.phonebook.utils.MyListener -- Object target - org.openqa.selenium.remote.RemoteWebDriver$RemoteTargetLocator@445bb139
18:41:37.577 [Test worker] INFO  com.phonebook.utils.MyListener -- ****************************************************************
18:41:37.577 [Test worker] INFO  com.phonebook.utils.MyListener -- Target exception org.openqa.selenium.NoAlertPresentException: no such alert
  (Session info: chrome=126.0.6478.57)
Build info: version: '4.21.0', revision: '79ed462ef4'
System info: os.name: 'Windows 11', os.arch: 'amd64', os.version: '10.0', java.version: '17.0.10'
Driver info: org.openqa.selenium.chrome.ChromeDriver
Command: [3e22bd17a5d7accfc33d6d806d526cb2, getAlertText {}]
Capabilities {acceptInsecureCerts: false, browserName: chrome, browserVersion: 126.0.6478.57, chrome: {chromedriverVersion: 126.0.6478.55 (7616ff175414..., userDataDir: C:\Users\Serge\AppData\Loca...}, fedcm:accounts: true, goog:chromeOptions: {debuggerAddress: localhost:64959}, networkConnectionEnabled: false, pageLoadStrategy: normal, platformName: windows, proxy: Proxy(), se:cdp: ws://localhost:64959/devtoo..., se:cdpVersion: 126.0.6478.57, setWindowRect: true, strictFileInteractability: false, timeouts: {implicit: 0, pageLoad: 300000, script: 30000}, unhandledPromptBehavior: dismiss and notify, webauthn:extension:credBlob: true, webauthn:extension:largeBlob: true, webauthn:extension:minPinLength: true, webauthn:extension:prf: true, webauthn:virtualAuthenticators: true}
Session ID: 3e22bd17a5d7accfc33d6d806d526cb2
18:41:38.090 [Test worker] INFO  com.phonebook.utils.MyListener -- Something went wrong!!!
18:41:38.090 [Test worker] INFO  com.phonebook.utils.MyListener -- *******************************************************************
18:41:38.090 [Test worker] INFO  com.phonebook.utils.MyListener -- Method - alert
18:41:38.090 [Test worker] INFO  com.phonebook.utils.MyListener -- ****************************************************************
18:41:38.090 [Test worker] INFO  com.phonebook.utils.MyListener -- Object target - org.openqa.selenium.remote.RemoteWebDriver$RemoteTargetLocator@2d64160c
18:41:38.090 [Test worker] INFO  com.phonebook.utils.MyListener -- ****************************************************************
18:41:38.090 [Test worker] INFO  com.phonebook.utils.MyListener -- Target exception org.openqa.selenium.NoAlertPresentException: no such alert
  (Session info: chrome=126.0.6478.57)
Build info: version: '4.21.0', revision: '79ed462ef4'
System info: os.name: 'Windows 11', os.arch: 'amd64', os.version: '10.0', java.version: '17.0.10'
Driver info: org.openqa.selenium.chrome.ChromeDriver
Command: [3e22bd17a5d7accfc33d6d806d526cb2, getAlertText {}]
Capabilities {acceptInsecureCerts: false, browserName: chrome, browserVersion: 126.0.6478.57, chrome: {chromedriverVersion: 126.0.6478.55 (7616ff175414..., userDataDir: C:\Users\Serge\AppData\Loca...}, fedcm:accounts: true, goog:chromeOptions: {debuggerAddress: localhost:64959}, networkConnectionEnabled: false, pageLoadStrategy: normal, platformName: windows, proxy: Proxy(), se:cdp: ws://localhost:64959/devtoo..., se:cdpVersion: 126.0.6478.57, setWindowRect: true, strictFileInteractability: false, timeouts: {implicit: 0, pageLoad: 300000, script: 30000}, unhandledPromptBehavior: dismiss and notify, webauthn:extension:credBlob: true, webauthn:extension:largeBlob: true, webauthn:extension:minPinLength: true, webauthn:extension:prf: true, webauthn:virtualAuthenticators: true}
Session ID: 3e22bd17a5d7accfc33d6d806d526cb2
18:41:38.604 [Test worker] INFO  com.phonebook.utils.MyListener -- Something went wrong!!!
18:41:38.604 [Test worker] INFO  com.phonebook.utils.MyListener -- *******************************************************************
18:41:38.604 [Test worker] INFO  com.phonebook.utils.MyListener -- Method - alert
18:41:38.604 [Test worker] INFO  com.phonebook.utils.MyListener -- ****************************************************************
18:41:38.604 [Test worker] INFO  com.phonebook.utils.MyListener -- Object target - org.openqa.selenium.remote.RemoteWebDriver$RemoteTargetLocator@6325f352
18:41:38.604 [Test worker] INFO  com.phonebook.utils.MyListener -- ****************************************************************
18:41:38.604 [Test worker] INFO  com.phonebook.utils.MyListener -- Target exception org.openqa.selenium.NoAlertPresentException: no such alert
  (Session info: chrome=126.0.6478.57)
Build info: version: '4.21.0', revision: '79ed462ef4'
System info: os.name: 'Windows 11', os.arch: 'amd64', os.version: '10.0', java.version: '17.0.10'
Driver info: org.openqa.selenium.chrome.ChromeDriver
Command: [3e22bd17a5d7accfc33d6d806d526cb2, getAlertText {}]
Capabilities {acceptInsecureCerts: false, browserName: chrome, browserVersion: 126.0.6478.57, chrome: {chromedriverVersion: 126.0.6478.55 (7616ff175414..., userDataDir: C:\Users\Serge\AppData\Loca...}, fedcm:accounts: true, goog:chromeOptions: {debuggerAddress: localhost:64959}, networkConnectionEnabled: false, pageLoadStrategy: normal, platformName: windows, proxy: Proxy(), se:cdp: ws://localhost:64959/devtoo..., se:cdpVersion: 126.0.6478.57, setWindowRect: true, strictFileInteractability: false, timeouts: {implicit: 0, pageLoad: 300000, script: 30000}, unhandledPromptBehavior: dismiss and notify, webauthn:extension:credBlob: true, webauthn:extension:largeBlob: true, webauthn:extension:minPinLength: true, webauthn:extension:prf: true, webauthn:virtualAuthenticators: true}
Session ID: 3e22bd17a5d7accfc33d6d806d526cb2
18:41:39.117 [Test worker] INFO  com.phonebook.utils.MyListener -- Something went wrong!!!
18:41:39.117 [Test worker] INFO  com.phonebook.utils.MyListener -- *******************************************************************
18:41:39.117 [Test worker] INFO  com.phonebook.utils.MyListener -- Method - alert
18:41:39.117 [Test worker] INFO  com.phonebook.utils.MyListener -- ****************************************************************
18:41:39.118 [Test worker] INFO  com.phonebook.utils.MyListener -- Object target - org.openqa.selenium.remote.RemoteWebDriver$RemoteTargetLocator@29a98d9f
18:41:39.118 [Test worker] INFO  com.phonebook.utils.MyListener -- ****************************************************************
18:41:39.118 [Test worker] INFO  com.phonebook.utils.MyListener -- Target exception org.openqa.selenium.NoAlertPresentException: no such alert
  (Session info: chrome=126.0.6478.57)
Build info: version: '4.21.0', revision: '79ed462ef4'
System info: os.name: 'Windows 11', os.arch: 'amd64', os.version: '10.0', java.version: '17.0.10'
Driver info: org.openqa.selenium.chrome.ChromeDriver
Command: [3e22bd17a5d7accfc33d6d806d526cb2, getAlertText {}]
Capabilities {acceptInsecureCerts: false, browserName: chrome, browserVersion: 126.0.6478.57, chrome: {chromedriverVersion: 126.0.6478.55 (7616ff175414..., userDataDir: C:\Users\Serge\AppData\Loca...}, fedcm:accounts: true, goog:chromeOptions: {debuggerAddress: localhost:64959}, networkConnectionEnabled: false, pageLoadStrategy: normal, platformName: windows, proxy: Proxy(), se:cdp: ws://localhost:64959/devtoo..., se:cdpVersion: 126.0.6478.57, setWindowRect: true, strictFileInteractability: false, timeouts: {implicit: 0, pageLoad: 300000, script: 30000}, unhandledPromptBehavior: dismiss and notify, webauthn:extension:credBlob: true, webauthn:extension:largeBlob: true, webauthn:extension:minPinLength: true, webauthn:extension:prf: true, webauthn:virtualAuthenticators: true}
Session ID: 3e22bd17a5d7accfc33d6d806d526cb2
18:41:39.632 [Test worker] INFO  com.phonebook.utils.MyListener -- Something went wrong!!!
18:41:39.632 [Test worker] INFO  com.phonebook.utils.MyListener -- *******************************************************************
18:41:39.632 [Test worker] INFO  com.phonebook.utils.MyListener -- Method - alert
18:41:39.632 [Test worker] INFO  com.phonebook.utils.MyListener -- ****************************************************************
18:41:39.632 [Test worker] INFO  com.phonebook.utils.MyListener -- Object target - org.openqa.selenium.remote.RemoteWebDriver$RemoteTargetLocator@2a869a16
18:41:39.633 [Test worker] INFO  com.phonebook.utils.MyListener -- ****************************************************************
18:41:39.633 [Test worker] INFO  com.phonebook.utils.MyListener -- Target exception org.openqa.selenium.NoAlertPresentException: no such alert
  (Session info: chrome=126.0.6478.57)
Build info: version: '4.21.0', revision: '79ed462ef4'
System info: os.name: 'Windows 11', os.arch: 'amd64', os.version: '10.0', java.version: '17.0.10'
Driver info: org.openqa.selenium.chrome.ChromeDriver
Command: [3e22bd17a5d7accfc33d6d806d526cb2, getAlertText {}]
Capabilities {acceptInsecureCerts: false, browserName: chrome, browserVersion: 126.0.6478.57, chrome: {chromedriverVersion: 126.0.6478.55 (7616ff175414..., userDataDir: C:\Users\Serge\AppData\Loca...}, fedcm:accounts: true, goog:chromeOptions: {debuggerAddress: localhost:64959}, networkConnectionEnabled: false, pageLoadStrategy: normal, platformName: windows, proxy: Proxy(), se:cdp: ws://localhost:64959/devtoo..., se:cdpVersion: 126.0.6478.57, setWindowRect: true, strictFileInteractability: false, timeouts: {implicit: 0, pageLoad: 300000, script: 30000}, unhandledPromptBehavior: dismiss and notify, webauthn:extension:credBlob: true, webauthn:extension:largeBlob: true, webauthn:extension:minPinLength: true, webauthn:extension:prf: true, webauthn:virtualAuthenticators: true}
Session ID: 3e22bd17a5d7accfc33d6d806d526cb2
18:41:40.146 [Test worker] INFO  com.phonebook.utils.MyListener -- Something went wrong!!!
18:41:40.147 [Test worker] INFO  com.phonebook.utils.MyListener -- *******************************************************************
18:41:40.147 [Test worker] INFO  com.phonebook.utils.MyListener -- Method - alert
18:41:40.147 [Test worker] INFO  com.phonebook.utils.MyListener -- ****************************************************************
18:41:40.147 [Test worker] INFO  com.phonebook.utils.MyListener -- Object target - org.openqa.selenium.remote.RemoteWebDriver$RemoteTargetLocator@6e7c351d
18:41:40.147 [Test worker] INFO  com.phonebook.utils.MyListener -- ****************************************************************
18:41:40.147 [Test worker] INFO  com.phonebook.utils.MyListener -- Target exception org.openqa.selenium.NoAlertPresentException: no such alert
  (Session info: chrome=126.0.6478.57)
Build info: version: '4.21.0', revision: '79ed462ef4'
System info: os.name: 'Windows 11', os.arch: 'amd64', os.version: '10.0', java.version: '17.0.10'
Driver info: org.openqa.selenium.chrome.ChromeDriver
Command: [3e22bd17a5d7accfc33d6d806d526cb2, getAlertText {}]
Capabilities {acceptInsecureCerts: false, browserName: chrome, browserVersion: 126.0.6478.57, chrome: {chromedriverVersion: 126.0.6478.55 (7616ff175414..., userDataDir: C:\Users\Serge\AppData\Loca...}, fedcm:accounts: true, goog:chromeOptions: {debuggerAddress: localhost:64959}, networkConnectionEnabled: false, pageLoadStrategy: normal, platformName: windows, proxy: Proxy(), se:cdp: ws://localhost:64959/devtoo..., se:cdpVersion: 126.0.6478.57, setWindowRect: true, strictFileInteractability: false, timeouts: {implicit: 0, pageLoad: 300000, script: 30000}, unhandledPromptBehavior: dismiss and notify, webauthn:extension:credBlob: true, webauthn:extension:largeBlob: true, webauthn:extension:minPinLength: true, webauthn:extension:prf: true, webauthn:virtualAuthenticators: true}
Session ID: 3e22bd17a5d7accfc33d6d806d526cb2
18:41:40.661 [Test worker] INFO  com.phonebook.utils.MyListener -- Something went wrong!!!
18:41:40.661 [Test worker] INFO  com.phonebook.utils.MyListener -- *******************************************************************
18:41:40.661 [Test worker] INFO  com.phonebook.utils.MyListener -- Method - alert
18:41:40.661 [Test worker] INFO  com.phonebook.utils.MyListener -- ****************************************************************
18:41:40.661 [Test worker] INFO  com.phonebook.utils.MyListener -- Object target - org.openqa.selenium.remote.RemoteWebDriver$RemoteTargetLocator@2b960a7
18:41:40.661 [Test worker] INFO  com.phonebook.utils.MyListener -- ****************************************************************
18:41:40.661 [Test worker] INFO  com.phonebook.utils.MyListener -- Target exception org.openqa.selenium.NoAlertPresentException: no such alert
  (Session info: chrome=126.0.6478.57)
Build info: version: '4.21.0', revision: '79ed462ef4'
System info: os.name: 'Windows 11', os.arch: 'amd64', os.version: '10.0', java.version: '17.0.10'
Driver info: org.openqa.selenium.chrome.ChromeDriver
Command: [3e22bd17a5d7accfc33d6d806d526cb2, getAlertText {}]
Capabilities {acceptInsecureCerts: false, browserName: chrome, browserVersion: 126.0.6478.57, chrome: {chromedriverVersion: 126.0.6478.55 (7616ff175414..., userDataDir: C:\Users\Serge\AppData\Loca...}, fedcm:accounts: true, goog:chromeOptions: {debuggerAddress: localhost:64959}, networkConnectionEnabled: false, pageLoadStrategy: normal, platformName: windows, proxy: Proxy(), se:cdp: ws://localhost:64959/devtoo..., se:cdpVersion: 126.0.6478.57, setWindowRect: true, strictFileInteractability: false, timeouts: {implicit: 0, pageLoad: 300000, script: 30000}, unhandledPromptBehavior: dismiss and notify, webauthn:extension:credBlob: true, webauthn:extension:largeBlob: true, webauthn:extension:minPinLength: true, webauthn:extension:prf: true, webauthn:virtualAuthenticators: true}
Session ID: 3e22bd17a5d7accfc33d6d806d526cb2
18:41:42.036 [Test worker] ERROR com.phonebook.tests.TestBase -- FAILED: loginNegativeWithoutEmailTestScreenshot: C:\QA\Phonebook\screenshot\screen1718988101995.png
18:41:42.037 [Test worker] INFO  com.phonebook.tests.TestBase -- Stop test
18:41:42.037 [Test worker] INFO  com.phonebook.tests.TestBase -- ================================================================
</pre>
</span>
</div>
</div>
<div id="footer">
<p>
<div>
<label class="hidden" id="label-for-line-wrapping-toggle" for="line-wrapping-toggle">Wrap lines
<input id="line-wrapping-toggle" type="checkbox" autocomplete="off"/>
</label>
</div>Generated by 
<a href="http://www.gradle.org">Gradle 8.8</a> at 21.06.2024, 18:41:42</p>
</div>
</div>
</body>
</html>
